2022-04-27 04:53:38,944	Batch Processor	INFO	Config file loaded and logger created.
2022-04-27 04:53:38,949	Batch Processor	INFO	18 scenarios skipped.
2022-04-27 04:53:38,950	Batch Processor	INFO	ScenarioLoader Mode <RANDOM>
2022-04-27 04:53:38,952	Batch Processor	INFO	Processing 1 scenarios:
2022-04-27 04:53:38,954	Batch Processor	INFO	   1 DEU_Meckenheim-4_2_T-1
2022-04-27 04:53:38,970	Batch Processor	INFO	Automaton loaded for vehicle type: BMW_320i
2022-04-27 04:53:38,971	Batch Processor	INFO	Motion planner: student
2022-04-27 04:53:39,000	Batch Processor	INFO	Number of parallel processes: 2
2022-04-27 04:53:40,322	Batch Processor	INFO	==============================        Search Results        ==============================
2022-04-27 04:53:40,326	Batch Processor	INFO	[DEU_Meckenheim-4_2_T-1        ]	<EXCEPTION>	
2022-04-27 04:53:40,329	Batch Processor	INFO	==============================      Exception occurred      ==============================
	- DEU_Meckenheim-4_2_T-1
2022-04-27 04:53:40,332	Batch Processor	INFO	
==============================        Result Summary        ==============================
2022-04-27 04:53:40,335	Batch Processor	INFO	Total number of scenarios:  	         1
2022-04-27 04:53:40,337	Batch Processor	INFO	Solution found:               	         0
2022-04-27 04:53:40,339	Batch Processor	INFO	Solution found but invalid:   	         0
2022-04-27 04:53:40,341	Batch Processor	INFO	Solution not found:           	         0
2022-04-27 04:53:40,343	Batch Processor	INFO	Exception occurred:           	         1
2022-04-27 04:53:40,346	Batch Processor	INFO	Time out:                     	         0
