2022-04-27 03:44:47,611	Batch Processor	INFO	Config file loaded and logger created.
2022-04-27 03:44:47,615	Batch Processor	INFO	18 scenarios skipped.
2022-04-27 03:44:47,617	Batch Processor	INFO	ScenarioLoader Mode <RANDOM>
2022-04-27 03:44:47,618	Batch Processor	INFO	Processing 1 scenarios:
2022-04-27 03:44:47,619	Batch Processor	INFO	   1 ITA_CarpiCentro-8_3_T-1
2022-04-27 03:44:47,635	Batch Processor	INFO	Automaton loaded for vehicle type: BMW_320i
2022-04-27 03:44:47,637	Batch Processor	INFO	Motion planner: student
2022-04-27 03:44:47,673	Batch Processor	INFO	Number of parallel processes: 2
2022-04-27 03:44:48,222	Batch Processor	INFO	==============================        Search Results        ==============================
2022-04-27 03:44:48,225	Batch Processor	INFO	[ITA_CarpiCentro-8_3_T-1       ]	<EXCEPTION>	
2022-04-27 03:44:48,229	Batch Processor	INFO	==============================      Exception occurred      ==============================
	- ITA_CarpiCentro-8_3_T-1
2022-04-27 03:44:48,231	Batch Processor	INFO	
==============================        Result Summary        ==============================
2022-04-27 03:44:48,235	Batch Processor	INFO	Total number of scenarios:  	         1
2022-04-27 03:44:48,237	Batch Processor	INFO	Solution found:               	         0
2022-04-27 03:44:48,239	Batch Processor	INFO	Solution found but invalid:   	         0
2022-04-27 03:44:48,241	Batch Processor	INFO	Solution not found:           	         0
2022-04-27 03:44:48,244	Batch Processor	INFO	Exception occurred:           	         1
2022-04-27 03:44:48,245	Batch Processor	INFO	Time out:                     	         0
