2022-04-27 03:45:24,019	Batch Processor	INFO	Config file loaded and logger created.
2022-04-27 03:45:24,024	Batch Processor	INFO	18 scenarios skipped.
2022-04-27 03:45:24,026	Batch Processor	INFO	ScenarioLoader Mode <RANDOM>
2022-04-27 03:45:24,027	Batch Processor	INFO	Processing 1 scenarios:
2022-04-27 03:45:24,030	Batch Processor	INFO	   1 ITA_Foggia-12_1_T-1
2022-04-27 03:45:24,042	Batch Processor	INFO	Automaton loaded for vehicle type: BMW_320i
2022-04-27 03:45:24,044	Batch Processor	INFO	Motion planner: student
2022-04-27 03:45:24,080	Batch Processor	INFO	Number of parallel processes: 2
2022-04-27 03:45:24,677	Batch Processor	INFO	==============================        Search Results        ==============================
2022-04-27 03:45:24,680	Batch Processor	INFO	[ITA_Foggia-12_1_T-1           ]	<FAILURE>	 Time [ms]:	   392
2022-04-27 03:45:24,684	Batch Processor	INFO	==============================      Solution not found      ==============================
	- ITA_Foggia-12_1_T-1
2022-04-27 03:45:24,687	Batch Processor	INFO	
==============================        Result Summary        ==============================
2022-04-27 03:45:24,688	Batch Processor	INFO	Total number of scenarios:  	         1
2022-04-27 03:45:24,690	Batch Processor	INFO	Solution found:               	         0
2022-04-27 03:45:24,692	Batch Processor	INFO	Solution found but invalid:   	         0
2022-04-27 03:45:24,694	Batch Processor	INFO	Solution not found:           	         1
2022-04-27 03:45:24,696	Batch Processor	INFO	Exception occurred:           	         0
2022-04-27 03:45:24,698	Batch Processor	INFO	Time out:                     	         0
