2022-04-27 03:46:55,868	Batch Processor	INFO	Config file loaded and logger created.
2022-04-27 03:46:55,872	Batch Processor	INFO	18 scenarios skipped.
2022-04-27 03:46:55,874	Batch Processor	INFO	ScenarioLoader Mode <RANDOM>
2022-04-27 03:46:55,875	Batch Processor	INFO	Processing 1 scenarios:
2022-04-27 03:46:55,877	Batch Processor	INFO	   1 DEU_Lohmar-44_1_T-1
2022-04-27 03:46:55,888	Batch Processor	INFO	Automaton loaded for vehicle type: BMW_320i
2022-04-27 03:46:55,890	Batch Processor	INFO	Motion planner: student
2022-04-27 03:46:55,935	Batch Processor	INFO	Number of parallel processes: 2
2022-04-27 03:47:26,782	Batch Processor	INFO	==============================        Search Results        ==============================
2022-04-27 03:47:26,787	Batch Processor	INFO	[DEU_Lohmar-44_1_T-1           ]	<TIMEOUT>	 Time [ms]:	 30000
2022-04-27 03:47:26,791	Batch Processor	INFO	==============================           Time out           ==============================
	- DEU_Lohmar-44_1_T-1
2022-04-27 03:47:26,793	Batch Processor	INFO	
==============================        Result Summary        ==============================
2022-04-27 03:47:26,796	Batch Processor	INFO	Total number of scenarios:  	         1
2022-04-27 03:47:26,798	Batch Processor	INFO	Solution found:               	         0
2022-04-27 03:47:26,800	Batch Processor	INFO	Solution found but invalid:   	         0
2022-04-27 03:47:26,803	Batch Processor	INFO	Solution not found:           	         0
2022-04-27 03:47:26,806	Batch Processor	INFO	Exception occurred:           	         0
2022-04-27 03:47:26,808	Batch Processor	INFO	Time out:                     	         1
