2022-04-27 05:01:21,111	Batch Processor	INFO	Config file loaded and logger created.
2022-04-27 05:01:21,116	Batch Processor	INFO	18 scenarios skipped.
2022-04-27 05:01:21,120	Batch Processor	INFO	ScenarioLoader Mode <RANDOM>
2022-04-27 05:01:21,122	Batch Processor	INFO	Processing 1 scenarios:
2022-04-27 05:01:21,123	Batch Processor	INFO	   1 ITA_Foggia-7_2_T-1
2022-04-27 05:01:21,136	Batch Processor	INFO	Automaton loaded for vehicle type: BMW_320i
2022-04-27 05:01:21,137	Batch Processor	INFO	Motion planner: student
2022-04-27 05:01:21,171	Batch Processor	INFO	Number of parallel processes: 2
2022-04-27 05:01:23,461	Batch Processor	INFO	==============================        Search Results        ==============================
2022-04-27 05:01:23,470	Batch Processor	INFO	[ITA_Foggia-7_2_T-1            ]	<EXCEPTION>	
2022-04-27 05:01:23,472	Batch Processor	INFO	==============================      Exception occurred      ==============================
	- ITA_Foggia-7_2_T-1
2022-04-27 05:01:23,475	Batch Processor	INFO	
==============================        Result Summary        ==============================
2022-04-27 05:01:23,478	Batch Processor	INFO	Total number of scenarios:  	         1
2022-04-27 05:01:23,482	Batch Processor	INFO	Solution found:               	         0
2022-04-27 05:01:23,485	Batch Processor	INFO	Solution found but invalid:   	         0
2022-04-27 05:01:23,487	Batch Processor	INFO	Solution not found:           	         0
2022-04-27 05:01:23,489	Batch Processor	INFO	Exception occurred:           	         1
2022-04-27 05:01:23,492	Batch Processor	INFO	Time out:                     	         0
