2022-03-23 16:03:58,319	Batch Processor	INFO	Config file loaded and logger created.
2022-03-23 16:03:58,326	Batch Processor	INFO	18 scenarios skipped.
2022-03-23 16:03:58,328	Batch Processor	INFO	ScenarioLoader Mode <DEFAULT>
2022-03-23 16:03:58,330	Batch Processor	INFO	Run on all scenarios, except the skipped scenarios
2022-03-23 16:03:58,331	Batch Processor	INFO	Number of scenarios: 484
2022-03-23 16:03:58,344	Batch Processor	INFO	Automaton loaded for vehicle type: BMW_320i
2022-03-23 16:03:58,347	Batch Processor	INFO	Motion planner: astar
2022-03-23 16:03:58,380	Batch Processor	INFO	Number of parallel processes: 2
2022-03-23 16:46:19,349	Batch Processor	INFO	==============================        Search Results        ==============================
2022-03-23 16:46:19,407	Batch Processor	INFO	[ARG_Carcarana-10_1_T-1        ]	<SUCCESS>	 Time [ms]:	   766	
2022-03-23 16:46:19,411	Batch Processor	INFO	[ARG_Carcarana-10_2_T-1        ]	<SUCCESS>	 Time [ms]:	   802	
2022-03-23 16:46:19,424	Batch Processor	INFO	[ARG_Carcarana-10_4_T-1        ]	<SUCCESS>	 Time [ms]:	   871	
2022-03-23 16:46:19,427	Batch Processor	INFO	[ARG_Carcarana-11_1_T-1        ]	<SUCCESS>	 Time [ms]:	  1663	
2022-03-23 16:46:19,430	Batch Processor	INFO	[ARG_Carcarana-12_2_T-1        ]	<FAILURE>	 Time [ms]:	  1068
2022-03-23 16:46:19,434	Batch Processor	INFO	[ARG_Carcarana-12_3_T-1        ]	<SUCCESS>	 Time [ms]:	  1303	
2022-03-23 16:46:19,438	Batch Processor	INFO	[ARG_Carcarana-1_2_T-1         ]	<SUCCESS>	 Time [ms]:	  1210	
2022-03-23 16:46:19,442	Batch Processor	INFO	[ARG_Carcarana-1_4_T-1         ]	<SUCCESS>	 Time [ms]:	  1359	
2022-03-23 16:46:19,446	Batch Processor	INFO	[ARG_Carcarana-1_5_T-1         ]	<SUCCESS>	 Time [ms]:	  1218	
2022-03-23 16:46:19,450	Batch Processor	INFO	[ARG_Carcarana-1_7_T-1         ]	<SUCCESS>	 Time [ms]:	  1303	
2022-03-23 16:46:19,454	Batch Processor	INFO	[ARG_Carcarana-1_8_T-1         ]	<SUCCESS>	 Time [ms]:	  1525	
2022-03-23 16:46:19,457	Batch Processor	INFO	[ARG_Carcarana-2_2_T-1         ]	<SUCCESS>	 Time [ms]:	  1606	
2022-03-23 16:46:19,461	Batch Processor	INFO	[ARG_Carcarana-6_8_T-1         ]	<SUCCESS>	 Time [ms]:	   394	
2022-03-23 16:46:19,465	Batch Processor	INFO	[ARG_Carcarana-7_3_T-1         ]	<SUCCESS>	 Time [ms]:	  1217	
2022-03-23 16:46:19,469	Batch Processor	INFO	[BEL_Aarschot-1_2_T-1          ]	<SUCCESS>	 Time [ms]:	   858	
2022-03-23 16:46:19,474	Batch Processor	INFO	[BEL_Aarschot-1_3_T-1          ]	<SUCCESS>	 Time [ms]:	   919	
2022-03-23 16:46:19,476	Batch Processor	INFO	[BEL_Aarschot-6_1_T-1          ]	<FAILURE>	 Time [ms]:	   611
2022-03-23 16:46:19,480	Batch Processor	INFO	[BEL_Aarschot-6_2_T-1          ]	<SUCCESS>	 Time [ms]:	   454	
2022-03-23 16:46:19,484	Batch Processor	INFO	[BEL_Beringen-1_1_T-1          ]	<SUCCESS>	 Time [ms]:	   799	
2022-03-23 16:46:19,488	Batch Processor	INFO	[BEL_Nivelles-10_1_T-1         ]	<SUCCESS>	 Time [ms]:	   429	
2022-03-23 16:46:19,491	Batch Processor	INFO	[BEL_Nivelles-16_2_T-1         ]	<SUCCESS>	 Time [ms]:	   226	
2022-03-23 16:46:19,495	Batch Processor	INFO	[BEL_Nivelles-7_1_T-1          ]	<SUCCESS>	 Time [ms]:	   641	
2022-03-23 16:46:19,499	Batch Processor	INFO	[BEL_Nivelles-7_4_T-1          ]	<SUCCESS>	 Time [ms]:	   741	
2022-03-23 16:46:19,501	Batch Processor	INFO	[BEL_Putte-10_1_T-1            ]	<FAILURE>	 Time [ms]:	   240
2022-03-23 16:46:19,505	Batch Processor	INFO	[BEL_Putte-11_2_T-1            ]	<SUCCESS>	 Time [ms]:	   367	
2022-03-23 16:46:19,509	Batch Processor	INFO	[BEL_Putte-16_1_T-1            ]	<SUCCESS>	 Time [ms]:	   456	
2022-03-23 16:46:19,512	Batch Processor	INFO	[BEL_Putte-16_3_T-1            ]	<SUCCESS>	 Time [ms]:	   917	
2022-03-23 16:46:19,517	Batch Processor	INFO	[BEL_Putte-2_2_T-1             ]	<SUCCESS>	 Time [ms]:	   512	
2022-03-23 16:46:19,519	Batch Processor	INFO	[BEL_Putte-2_3_T-1             ]	<FAILURE>	 Time [ms]:	   408
2022-03-23 16:46:19,523	Batch Processor	INFO	[BEL_Putte-3_2_T-1             ]	<SUCCESS>	 Time [ms]:	   427	
2022-03-23 16:46:19,527	Batch Processor	INFO	[BEL_Putte-3_3_T-1             ]	<SUCCESS>	 Time [ms]:	   403	
2022-03-23 16:46:19,532	Batch Processor	INFO	[BEL_Putte-5_2_T-1             ]	<SUCCESS>	 Time [ms]:	   545	
2022-03-23 16:46:19,535	Batch Processor	INFO	[BEL_Putte-5_3_T-1             ]	<SUCCESS>	 Time [ms]:	   333	
2022-03-23 16:46:19,539	Batch Processor	INFO	[BEL_Putte-5_5_T-1             ]	<SUCCESS>	 Time [ms]:	   510	
2022-03-23 16:46:19,543	Batch Processor	INFO	[BEL_Putte-5_6_T-1             ]	<SUCCESS>	 Time [ms]:	  1146	
2022-03-23 16:46:19,546	Batch Processor	INFO	[BEL_Putte-6_1_T-1             ]	<SUCCESS>	 Time [ms]:	   499	
2022-03-23 16:46:19,550	Batch Processor	INFO	[BEL_Putte-7_2_T-1             ]	<SUCCESS>	 Time [ms]:	   970	
2022-03-23 16:46:19,553	Batch Processor	INFO	[BEL_Putte-8_1_T-1             ]	<SUCCESS>	 Time [ms]:	   491	
2022-03-23 16:46:19,556	Batch Processor	INFO	[BEL_Putte-8_2_T-1             ]	<SUCCESS>	 Time [ms]:	   557	
2022-03-23 16:46:19,560	Batch Processor	INFO	[BEL_Putte-8_3_T-1             ]	<SUCCESS>	 Time [ms]:	   601	
2022-03-23 16:46:19,564	Batch Processor	INFO	[BEL_Putte-8_5_T-1             ]	<SUCCESS>	 Time [ms]:	   486	
2022-03-23 16:46:19,568	Batch Processor	INFO	[BEL_Putte-8_6_T-1             ]	<SUCCESS>	 Time [ms]:	   543	
2022-03-23 16:46:19,572	Batch Processor	INFO	[BEL_Wervik-3_4_T-1            ]	<SUCCESS>	 Time [ms]:	   835	
2022-03-23 16:46:19,576	Batch Processor	INFO	[BEL_Wervik-4_2_T-1            ]	<SUCCESS>	 Time [ms]:	  1007	
2022-03-23 16:46:19,580	Batch Processor	INFO	[BEL_Wervik-4_3_T-1            ]	<SUCCESS>	 Time [ms]:	   747	
2022-03-23 16:46:19,584	Batch Processor	INFO	[BEL_Zaventem-1_2_T-1          ]	<SUCCESS>	 Time [ms]:	   822	
2022-03-23 16:46:19,586	Batch Processor	INFO	[BEL_Zaventem-2_5_T-1          ]	<FAILURE>	 Time [ms]:	  3166
2022-03-23 16:46:19,590	Batch Processor	INFO	[BEL_Zaventem-3_1_T-1          ]	<SUCCESS>	 Time [ms]:	   639	
2022-03-23 16:46:19,603	Batch Processor	INFO	[BEL_Zaventem-5_3_T-1          ]	<SUCCESS>	 Time [ms]:	   600	
2022-03-23 16:46:19,608	Batch Processor	INFO	[BEL_Zwevegem-1_5_T-1          ]	<SUCCESS>	 Time [ms]:	   928	
2022-03-23 16:46:19,612	Batch Processor	INFO	[BEL_Zwevegem-2_1_T-1          ]	<SUCCESS>	 Time [ms]:	  1117	
2022-03-23 16:46:19,617	Batch Processor	INFO	[BEL_Zwevegem-3_2_T-1          ]	<SUCCESS>	 Time [ms]:	   584	
2022-03-23 16:46:19,621	Batch Processor	INFO	[BEL_Zwevegem-3_3_T-1          ]	<SUCCESS>	 Time [ms]:	   323	
2022-03-23 16:46:19,625	Batch Processor	INFO	[BEL_Zwevegem-4_1_T-1          ]	<SUCCESS>	 Time [ms]:	   734	
2022-03-23 16:46:19,628	Batch Processor	INFO	[BEL_Zwevegem-4_5_T-1          ]	<SUCCESS>	 Time [ms]:	   474	
2022-03-23 16:46:19,631	Batch Processor	INFO	[BEL_Zwevegem-6_3_T-1          ]	<SUCCESS>	 Time [ms]:	  1093	
2022-03-23 16:46:19,635	Batch Processor	INFO	[BEL_Zwevegem-7_1_T-1          ]	<SUCCESS>	 Time [ms]:	   570	
2022-03-23 16:46:19,638	Batch Processor	INFO	[BEL_Zwevegem-7_2_T-1          ]	<SUCCESS>	 Time [ms]:	   517	
2022-03-23 16:46:19,648	Batch Processor	INFO	[BEL_Zwevegem-8_3_T-1          ]	<SUCCESS>	 Time [ms]:	   676	
2022-03-23 16:46:19,659	Batch Processor	INFO	[BEL_Zwevegem-8_5_T-1          ]	<SUCCESS>	 Time [ms]:	  1073	
2022-03-23 16:46:19,664	Batch Processor	INFO	[DEU_Backnang-2_3_T-1          ]	<SUCCESS>	 Time [ms]:	   983	
2022-03-23 16:46:19,669	Batch Processor	INFO	[DEU_Backnang-3_1_T-1          ]	<SUCCESS>	 Time [ms]:	   823	
2022-03-23 16:46:19,671	Batch Processor	INFO	[DEU_Backnang-3_3_T-1          ]	<SUCCESS>	 Time [ms]:	   680	
2022-03-23 16:46:19,673	Batch Processor	INFO	[DEU_Backnang-7_4_T-1          ]	<FAILURE>	 Time [ms]:	   633
2022-03-23 16:46:19,677	Batch Processor	INFO	[DEU_BadEssen-1_4_T-1          ]	<SUCCESS>	 Time [ms]:	   476	
2022-03-23 16:46:19,678	Batch Processor	INFO	[DEU_BadEssen-1_5_T-1          ]	<FAILURE>	 Time [ms]:	   258
2022-03-23 16:46:19,682	Batch Processor	INFO	[DEU_BadEssen-2_2_T-1          ]	<SUCCESS>	 Time [ms]:	   337	
2022-03-23 16:46:19,685	Batch Processor	INFO	[DEU_BadWaldsee-1_1_T-1        ]	<SUCCESS>	 Time [ms]:	  1291	
2022-03-23 16:46:19,687	Batch Processor	INFO	[DEU_Bilderstoeckchen-2_1_T-1  ]	<SUCCESS>	 Time [ms]:	   741	
2022-03-23 16:46:19,690	Batch Processor	INFO	[DEU_Bilderstoeckchen-2_3_T-1  ]	<SUCCESS>	 Time [ms]:	   611	
2022-03-23 16:46:19,692	Batch Processor	INFO	[DEU_Flensburg-10_1_T-1 (2)    ]	<TIMEOUT>	 Time [ms]:	 30000
2022-03-23 16:46:19,693	Batch Processor	INFO	[DEU_Flensburg-11_1_T-1        ]	<TIMEOUT>	 Time [ms]:	 30000
2022-03-23 16:46:19,695	Batch Processor	INFO	[DEU_Flensburg-12_1_T-1        ]	<TIMEOUT>	 Time [ms]:	 30000
2022-03-23 16:46:19,696	Batch Processor	INFO	[DEU_Flensburg-13_1_T-1        ]	<TIMEOUT>	 Time [ms]:	 30000
2022-03-23 16:46:19,698	Batch Processor	INFO	[DEU_Flensburg-14_1_T-1        ]	<TIMEOUT>	 Time [ms]:	 30000
2022-03-23 16:46:19,699	Batch Processor	INFO	[DEU_Flensburg-15_1_T-1        ]	<TIMEOUT>	 Time [ms]:	 30000
2022-03-23 16:46:19,701	Batch Processor	INFO	[DEU_Flensburg-17_1_T-1        ]	<TIMEOUT>	 Time [ms]:	 30000
2022-03-23 16:46:19,703	Batch Processor	INFO	[DEU_Flensburg-18_1_T-1        ]	<TIMEOUT>	 Time [ms]:	 30000
2022-03-23 16:46:19,704	Batch Processor	INFO	[DEU_Flensburg-19_1_T-1        ]	<TIMEOUT>	 Time [ms]:	 30000
2022-03-23 16:46:19,706	Batch Processor	INFO	[DEU_Flensburg-1_1_T-1         ]	<TIMEOUT>	 Time [ms]:	 30000
2022-03-23 16:46:19,707	Batch Processor	INFO	[DEU_Flensburg-20_1_T-1        ]	<TIMEOUT>	 Time [ms]:	 30000
2022-03-23 16:46:19,708	Batch Processor	INFO	[DEU_Flensburg-21_1_T-1        ]	<TIMEOUT>	 Time [ms]:	 30000
2022-03-23 16:46:19,710	Batch Processor	INFO	[DEU_Flensburg-22_1_T-1        ]	<TIMEOUT>	 Time [ms]:	 30000
2022-03-23 16:46:19,712	Batch Processor	INFO	[DEU_Flensburg-23_1_T-1        ]	<TIMEOUT>	 Time [ms]:	 30000
2022-03-23 16:46:19,713	Batch Processor	INFO	[DEU_Flensburg-24_1_T-1        ]	<TIMEOUT>	 Time [ms]:	 30000
2022-03-23 16:46:19,715	Batch Processor	INFO	[DEU_Flensburg-26_1_T-1        ]	<TIMEOUT>	 Time [ms]:	 30000
2022-03-23 16:46:19,722	Batch Processor	INFO	[DEU_Flensburg-28_1_T-1        ]	<SUCCESS>	 Time [ms]:	  1780	
2022-03-23 16:46:19,729	Batch Processor	INFO	[DEU_Flensburg-2_1_T-1         ]	<SUCCESS>	 Time [ms]:	  7571	
2022-03-23 16:46:19,731	Batch Processor	INFO	[DEU_Flensburg-31_1_T-1        ]	<TIMEOUT>	 Time [ms]:	 30000
2022-03-23 16:46:19,733	Batch Processor	INFO	[DEU_Flensburg-32_1_T-1        ]	<TIMEOUT>	 Time [ms]:	 30000
2022-03-23 16:46:19,734	Batch Processor	INFO	[DEU_Flensburg-33_1_T-1        ]	<TIMEOUT>	 Time [ms]:	 30000
2022-03-23 16:46:19,736	Batch Processor	INFO	[DEU_Flensburg-35_1_T-1        ]	<TIMEOUT>	 Time [ms]:	 30000
2022-03-23 16:46:19,737	Batch Processor	INFO	[DEU_Flensburg-36_1_T-1        ]	<TIMEOUT>	 Time [ms]:	 30000
2022-03-23 16:46:19,739	Batch Processor	INFO	[DEU_Flensburg-37_1_T-1        ]	<TIMEOUT>	 Time [ms]:	 30000
2022-03-23 16:46:19,740	Batch Processor	INFO	[DEU_Flensburg-38_1_T-1        ]	<TIMEOUT>	 Time [ms]:	 30000
2022-03-23 16:46:19,746	Batch Processor	INFO	[DEU_Flensburg-39_1_T-1        ]	<SUCCESS>	 Time [ms]:	  3279	
2022-03-23 16:46:19,747	Batch Processor	INFO	[DEU_Flensburg-3_1_T-1         ]	<TIMEOUT>	 Time [ms]:	 30000
2022-03-23 16:46:19,749	Batch Processor	INFO	[DEU_Flensburg-40_1_T-1        ]	<TIMEOUT>	 Time [ms]:	 30000
2022-03-23 16:46:19,750	Batch Processor	INFO	[DEU_Flensburg-41_1_T-1        ]	<TIMEOUT>	 Time [ms]:	 30000
2022-03-23 16:46:19,752	Batch Processor	INFO	[DEU_Flensburg-43_1_T-1        ]	<TIMEOUT>	 Time [ms]:	 30000
2022-03-23 16:46:19,753	Batch Processor	INFO	[DEU_Flensburg-44_1_T-1        ]	<TIMEOUT>	 Time [ms]:	 30000
2022-03-23 16:46:19,755	Batch Processor	INFO	[DEU_Flensburg-45_1_T-1        ]	<TIMEOUT>	 Time [ms]:	 30000
2022-03-23 16:46:19,756	Batch Processor	INFO	[DEU_Flensburg-47_1_T-1        ]	<TIMEOUT>	 Time [ms]:	 30000
2022-03-23 16:46:19,758	Batch Processor	INFO	[DEU_Flensburg-49_1_T-1        ]	<TIMEOUT>	 Time [ms]:	 30000
2022-03-23 16:46:19,759	Batch Processor	INFO	[DEU_Flensburg-4_1_T-1         ]	<TIMEOUT>	 Time [ms]:	 30000
2022-03-23 16:46:19,761	Batch Processor	INFO	[DEU_Flensburg-50_1_T-1        ]	<TIMEOUT>	 Time [ms]:	 30000
2022-03-23 16:46:19,763	Batch Processor	INFO	[DEU_Flensburg-52_1_T-1        ]	<TIMEOUT>	 Time [ms]:	 30000
2022-03-23 16:46:19,764	Batch Processor	INFO	[DEU_Flensburg-53_1_T-1        ]	<TIMEOUT>	 Time [ms]:	 30000
2022-03-23 16:46:19,770	Batch Processor	INFO	[DEU_Flensburg-54_1_T-1        ]	<SUCCESS>	 Time [ms]:	 25664	
2022-03-23 16:46:19,772	Batch Processor	INFO	[DEU_Flensburg-55_1_T-1        ]	<TIMEOUT>	 Time [ms]:	 30000
2022-03-23 16:46:19,774	Batch Processor	INFO	[DEU_Flensburg-57_1_T-1        ]	<TIMEOUT>	 Time [ms]:	 30000
2022-03-23 16:46:19,776	Batch Processor	INFO	[DEU_Flensburg-58_1_T-1        ]	<TIMEOUT>	 Time [ms]:	 30000
2022-03-23 16:46:19,778	Batch Processor	INFO	[DEU_Flensburg-59_1_T-1        ]	<TIMEOUT>	 Time [ms]:	 30000
2022-03-23 16:46:19,780	Batch Processor	INFO	[DEU_Flensburg-5_1_T-1         ]	<TIMEOUT>	 Time [ms]:	 30000
2022-03-23 16:46:19,782	Batch Processor	INFO	[DEU_Flensburg-62_1_T-1        ]	<TIMEOUT>	 Time [ms]:	 30000
2022-03-23 16:46:19,784	Batch Processor	INFO	[DEU_Flensburg-63_1_T-1        ]	<TIMEOUT>	 Time [ms]:	 30000
2022-03-23 16:46:19,788	Batch Processor	INFO	[DEU_Flensburg-64_1_T-1        ]	<FAILURE>	 Time [ms]:	   438
2022-03-23 16:46:19,790	Batch Processor	INFO	[DEU_Flensburg-66_1_T-1        ]	<TIMEOUT>	 Time [ms]:	 30000
2022-03-23 16:46:19,798	Batch Processor	INFO	[DEU_Flensburg-68_1_T-1        ]	<SUCCESS>	 Time [ms]:	  7479	
2022-03-23 16:46:19,800	Batch Processor	INFO	[DEU_Flensburg-69_1_T-1        ]	<TIMEOUT>	 Time [ms]:	 30000
2022-03-23 16:46:19,802	Batch Processor	INFO	[DEU_Flensburg-6_1_T-1         ]	<TIMEOUT>	 Time [ms]:	 30000
2022-03-23 16:46:19,808	Batch Processor	INFO	[DEU_Flensburg-71_1_T-1        ]	<SUCCESS>	 Time [ms]:	  2762	
2022-03-23 16:46:19,827	Batch Processor	INFO	[DEU_Flensburg-72_1_T-1        ]	<SUCCESS>	 Time [ms]:	  3147	
2022-03-23 16:46:19,834	Batch Processor	INFO	[DEU_Flensburg-73_1_T-1        ]	<SUCCESS>	 Time [ms]:	 22083	
2022-03-23 16:46:19,836	Batch Processor	INFO	[DEU_Flensburg-74_1_T-1        ]	<TIMEOUT>	 Time [ms]:	 30000
2022-03-23 16:46:19,838	Batch Processor	INFO	[DEU_Flensburg-75_1_T-1        ]	<TIMEOUT>	 Time [ms]:	 30000
2022-03-23 16:46:19,840	Batch Processor	INFO	[DEU_Flensburg-76_1_T-1        ]	<TIMEOUT>	 Time [ms]:	 30000
2022-03-23 16:46:19,841	Batch Processor	INFO	[DEU_Flensburg-77_1_T-1        ]	<TIMEOUT>	 Time [ms]:	 30000
2022-03-23 16:46:19,843	Batch Processor	INFO	[DEU_Flensburg-79_1_T-1        ]	<TIMEOUT>	 Time [ms]:	 30000
2022-03-23 16:46:19,849	Batch Processor	INFO	[DEU_Flensburg-7_1_T-1         ]	<SUCCESS>	 Time [ms]:	  2595	
2022-03-23 16:46:19,851	Batch Processor	INFO	[DEU_Flensburg-80_1_T-1        ]	<TIMEOUT>	 Time [ms]:	 30000
2022-03-23 16:46:19,853	Batch Processor	INFO	[DEU_Flensburg-81_1_T-1        ]	<TIMEOUT>	 Time [ms]:	 30000
2022-03-23 16:46:19,855	Batch Processor	INFO	[DEU_Flensburg-83_1_T-1        ]	<TIMEOUT>	 Time [ms]:	 30000
2022-03-23 16:46:19,857	Batch Processor	INFO	[DEU_Flensburg-85_1_T-1        ]	<TIMEOUT>	 Time [ms]:	 30000
2022-03-23 16:46:19,859	Batch Processor	INFO	[DEU_Flensburg-86_1_T-1        ]	<TIMEOUT>	 Time [ms]:	 30000
2022-03-23 16:46:19,860	Batch Processor	INFO	[DEU_Flensburg-87_1_T-1        ]	<TIMEOUT>	 Time [ms]:	 30000
2022-03-23 16:46:19,862	Batch Processor	INFO	[DEU_Flensburg-88_1_T-1        ]	<TIMEOUT>	 Time [ms]:	 30000
2022-03-23 16:46:19,869	Batch Processor	INFO	[DEU_Flensburg-89_1_T-1        ]	<SUCCESS>	 Time [ms]:	 23636	
2022-03-23 16:46:19,872	Batch Processor	INFO	[DEU_Flensburg-90_1_T-1        ]	<TIMEOUT>	 Time [ms]:	 30000
2022-03-23 16:46:19,874	Batch Processor	INFO	[DEU_Flensburg-91_1_T-1        ]	<TIMEOUT>	 Time [ms]:	 30000
2022-03-23 16:46:19,876	Batch Processor	INFO	[DEU_Flensburg-92_1_T-1        ]	<TIMEOUT>	 Time [ms]:	 30000
2022-03-23 16:46:19,878	Batch Processor	INFO	[DEU_Flensburg-93_1_T-1        ]	<TIMEOUT>	 Time [ms]:	 30000
2022-03-23 16:46:19,880	Batch Processor	INFO	[DEU_Flensburg-94_1_T-1        ]	<TIMEOUT>	 Time [ms]:	 30000
2022-03-23 16:46:19,881	Batch Processor	INFO	[DEU_Flensburg-95_1_T-1        ]	<TIMEOUT>	 Time [ms]:	 30000
2022-03-23 16:46:19,883	Batch Processor	INFO	[DEU_Flensburg-97_1_T-1        ]	<TIMEOUT>	 Time [ms]:	 30000
2022-03-23 16:46:19,890	Batch Processor	INFO	[DEU_Flensburg-99_1_T-1        ]	<SUCCESS>	 Time [ms]:	  4671	
2022-03-23 16:46:19,892	Batch Processor	INFO	[DEU_Guetersloh-10_4_T-1       ]	<FAILURE>	 Time [ms]:	  1123
2022-03-23 16:46:19,895	Batch Processor	INFO	[DEU_Guetersloh-11_2_T-1       ]	<SUCCESS>	 Time [ms]:	   630	
2022-03-23 16:46:19,898	Batch Processor	INFO	[DEU_Guetersloh-11_3_T-1       ]	<SUCCESS>	 Time [ms]:	   561	
2022-03-23 16:46:19,901	Batch Processor	INFO	[DEU_Guetersloh-11_4_T-1       ]	<SUCCESS>	 Time [ms]:	   593	
2022-03-23 16:46:19,904	Batch Processor	INFO	[DEU_Guetersloh-12_1_T-1       ]	<SUCCESS>	 Time [ms]:	   397	
2022-03-23 16:46:19,909	Batch Processor	INFO	[DEU_Guetersloh-14_3_T-1       ]	<SUCCESS>	 Time [ms]:	   550	
2022-03-23 16:46:19,913	Batch Processor	INFO	[DEU_Guetersloh-15_2_T-1       ]	<SUCCESS>	 Time [ms]:	   842	
2022-03-23 16:46:19,917	Batch Processor	INFO	[DEU_Guetersloh-16_2_T-1       ]	<SUCCESS>	 Time [ms]:	   604	
2022-03-23 16:46:19,920	Batch Processor	INFO	[DEU_Guetersloh-18_2_T-1       ]	<SUCCESS>	 Time [ms]:	   528	
2022-03-23 16:46:19,924	Batch Processor	INFO	[DEU_Guetersloh-1_2_T-1        ]	<SUCCESS>	 Time [ms]:	   972	
2022-03-23 16:46:19,928	Batch Processor	INFO	[DEU_Guetersloh-20_3_T-1       ]	<SUCCESS>	 Time [ms]:	   432	
2022-03-23 16:46:19,931	Batch Processor	INFO	[DEU_Guetersloh-21_2_T-1       ]	<SUCCESS>	 Time [ms]:	   284	
2022-03-23 16:46:19,935	Batch Processor	INFO	[DEU_Guetersloh-25_2_T-1       ]	<SUCCESS>	 Time [ms]:	   661	
2022-03-23 16:46:19,938	Batch Processor	INFO	[DEU_Guetersloh-27_1_T-1       ]	<SUCCESS>	 Time [ms]:	   433	
2022-03-23 16:46:19,940	Batch Processor	INFO	[DEU_Guetersloh-28_2_T-1       ]	<FAILURE>	 Time [ms]:	   440
2022-03-23 16:46:19,944	Batch Processor	INFO	[DEU_Guetersloh-28_6_T-1       ]	<SUCCESS>	 Time [ms]:	   768	
2022-03-23 16:46:19,947	Batch Processor	INFO	[DEU_Guetersloh-29_1_T-1       ]	<SUCCESS>	 Time [ms]:	  1217	
2022-03-23 16:46:19,950	Batch Processor	INFO	[DEU_Guetersloh-29_6_T-1       ]	<SUCCESS>	 Time [ms]:	   565	
2022-03-23 16:46:19,953	Batch Processor	INFO	[DEU_Guetersloh-2_1_T-1        ]	<SUCCESS>	 Time [ms]:	   479	
2022-03-23 16:46:19,955	Batch Processor	INFO	[DEU_Guetersloh-30_1_T-1       ]	<SUCCESS>	 Time [ms]:	   653	
2022-03-23 16:46:19,959	Batch Processor	INFO	[DEU_Guetersloh-31_4_T-1       ]	<SUCCESS>	 Time [ms]:	   509	
2022-03-23 16:46:19,960	Batch Processor	INFO	[DEU_Guetersloh-32_2_T-1       ]	<FAILURE>	 Time [ms]:	   539
2022-03-23 16:46:19,964	Batch Processor	INFO	[DEU_Guetersloh-34_1_T-1       ]	<SUCCESS>	 Time [ms]:	   417	
2022-03-23 16:46:19,967	Batch Processor	INFO	[DEU_Guetersloh-39_1_T-1       ]	<SUCCESS>	 Time [ms]:	  2313	
2022-03-23 16:46:19,971	Batch Processor	INFO	[DEU_Guetersloh-39_5_T-1       ]	<SUCCESS>	 Time [ms]:	   496	
2022-03-23 16:46:19,975	Batch Processor	INFO	[DEU_Guetersloh-40_1_T-1       ]	<SUCCESS>	 Time [ms]:	   601	
2022-03-23 16:46:19,978	Batch Processor	INFO	[DEU_Guetersloh-40_4_T-1       ]	<SUCCESS>	 Time [ms]:	   462	
2022-03-23 16:46:19,981	Batch Processor	INFO	[DEU_Guetersloh-4_2_T-1        ]	<SUCCESS>	 Time [ms]:	   942	
2022-03-23 16:46:19,984	Batch Processor	INFO	[DEU_Guetersloh-4_3_T-1        ]	<SUCCESS>	 Time [ms]:	  1014	
2022-03-23 16:46:19,985	Batch Processor	INFO	[DEU_Guetersloh-55_2_T-1       ]	<FAILURE>	 Time [ms]:	   313
2022-03-23 16:46:19,988	Batch Processor	INFO	[DEU_Guetersloh-65_1_T-1       ]	<SUCCESS>	 Time [ms]:	   529	
2022-03-23 16:46:19,991	Batch Processor	INFO	[DEU_Guetersloh-6_1_T-1        ]	<SUCCESS>	 Time [ms]:	   440	
2022-03-23 16:46:19,994	Batch Processor	INFO	[DEU_Guetersloh-7_1_T-1        ]	<SUCCESS>	 Time [ms]:	   726	
2022-03-23 16:46:19,997	Batch Processor	INFO	[DEU_Guetersloh-7_2_T-1        ]	<SUCCESS>	 Time [ms]:	   784	
2022-03-23 16:46:19,999	Batch Processor	INFO	[DEU_Hennigsdorf-10_3_T-1      ]	<SUCCESS>	 Time [ms]:	   823	
2022-03-23 16:46:20,002	Batch Processor	INFO	[DEU_Hennigsdorf-11_2_T-1      ]	<SUCCESS>	 Time [ms]:	   391	
2022-03-23 16:46:20,004	Batch Processor	INFO	[DEU_Hennigsdorf-12_2_T-1      ]	<SUCCESS>	 Time [ms]:	   385	
2022-03-23 16:46:20,007	Batch Processor	INFO	[DEU_Hennigsdorf-14_1_T-1      ]	<SUCCESS>	 Time [ms]:	   498	
2022-03-23 16:46:20,010	Batch Processor	INFO	[DEU_Hennigsdorf-14_2_T-1      ]	<SUCCESS>	 Time [ms]:	   471	
2022-03-23 16:46:20,014	Batch Processor	INFO	[DEU_Hennigsdorf-14_3_T-1      ]	<SUCCESS>	 Time [ms]:	   529	
2022-03-23 16:46:20,023	Batch Processor	INFO	[DEU_Hennigsdorf-15_3_T-1      ]	<SUCCESS>	 Time [ms]:	  1654	
2022-03-23 16:46:20,026	Batch Processor	INFO	[DEU_Hennigsdorf-16_2_T-1      ]	<SUCCESS>	 Time [ms]:	   614	
2022-03-23 16:46:20,030	Batch Processor	INFO	[DEU_Hennigsdorf-16_4_T-1      ]	<SUCCESS>	 Time [ms]:	   682	
2022-03-23 16:46:20,033	Batch Processor	INFO	[DEU_Hennigsdorf-16_6_T-1      ]	<SUCCESS>	 Time [ms]:	   633	
2022-03-23 16:46:20,037	Batch Processor	INFO	[DEU_Hennigsdorf-1_2_T-1       ]	<SUCCESS>	 Time [ms]:	   295	
2022-03-23 16:46:20,038	Batch Processor	INFO	[DEU_Hennigsdorf-2_6_T-1       ]	<FAILURE>	 Time [ms]:	   641
2022-03-23 16:46:20,042	Batch Processor	INFO	[DEU_Hennigsdorf-3_3_T-1       ]	<SUCCESS>	 Time [ms]:	   475	
2022-03-23 16:46:20,045	Batch Processor	INFO	[DEU_Ibbenbueren-10_2_T-1      ]	<SUCCESS>	 Time [ms]:	   594	
2022-03-23 16:46:20,048	Batch Processor	INFO	[DEU_Ibbenbueren-10_4_T-1      ]	<SUCCESS>	 Time [ms]:	   561	
2022-03-23 16:46:20,050	Batch Processor	INFO	[DEU_Ibbenbueren-11_1_T-1      ]	<SUCCESS>	 Time [ms]:	   423	
2022-03-23 16:46:20,053	Batch Processor	INFO	[DEU_Ibbenbueren-12_3_T-1      ]	<SUCCESS>	 Time [ms]:	   600	
2022-03-23 16:46:20,055	Batch Processor	INFO	[DEU_Ibbenbueren-13_2_T-1      ]	<SUCCESS>	 Time [ms]:	   882	
2022-03-23 16:46:20,058	Batch Processor	INFO	[DEU_Ibbenbueren-15_1_T-1      ]	<SUCCESS>	 Time [ms]:	   674	
2022-03-23 16:46:20,061	Batch Processor	INFO	[DEU_Ibbenbueren-15_2_T-1      ]	<SUCCESS>	 Time [ms]:	   618	
2022-03-23 16:46:20,064	Batch Processor	INFO	[DEU_Ibbenbueren-16_3_T-1      ]	<SUCCESS>	 Time [ms]:	   539	
2022-03-23 16:46:20,067	Batch Processor	INFO	[DEU_Ibbenbueren-16_4_T-1      ]	<SUCCESS>	 Time [ms]:	   577	
2022-03-23 16:46:20,070	Batch Processor	INFO	[DEU_Ibbenbueren-16_5_T-1      ]	<SUCCESS>	 Time [ms]:	   571	
2022-03-23 16:46:20,075	Batch Processor	INFO	[DEU_Ibbenbueren-5_1_T-1       ]	<SUCCESS>	 Time [ms]:	   612	
2022-03-23 16:46:20,078	Batch Processor	INFO	[DEU_Ibbenbueren-5_3_T-1       ]	<SUCCESS>	 Time [ms]:	   629	
2022-03-23 16:46:20,080	Batch Processor	INFO	[DEU_Ibbenbueren-5_5_T-1       ]	<SUCCESS>	 Time [ms]:	   632	
2022-03-23 16:46:20,084	Batch Processor	INFO	[DEU_Ibbenbueren-6_2_T-1       ]	<SUCCESS>	 Time [ms]:	   707	
2022-03-23 16:46:20,088	Batch Processor	INFO	[DEU_Ibbenbueren-6_3_T-1       ]	<SUCCESS>	 Time [ms]:	   625	
2022-03-23 16:46:20,091	Batch Processor	INFO	[DEU_Ibbenbueren-8_1_T-1       ]	<SUCCESS>	 Time [ms]:	   583	
2022-03-23 16:46:20,094	Batch Processor	INFO	[DEU_Ibbenbueren-8_2_T-1       ]	<SUCCESS>	 Time [ms]:	   552	
2022-03-23 16:46:20,097	Batch Processor	INFO	[DEU_Ibbenbueren-8_4_T-1       ]	<SUCCESS>	 Time [ms]:	   740	
2022-03-23 16:46:20,099	Batch Processor	INFO	[DEU_Ibbenbueren-9_1_T-1       ]	<SUCCESS>	 Time [ms]:	   664	
2022-03-23 16:46:20,100	Batch Processor	INFO	[DEU_Lohmar-10_1_T-1           ]	<TIMEOUT>	 Time [ms]:	 30000
2022-03-23 16:46:20,102	Batch Processor	INFO	[DEU_Lohmar-12_1_T-1           ]	<FAILURE>	 Time [ms]:	   582
2022-03-23 16:46:20,103	Batch Processor	INFO	[DEU_Lohmar-13_1_T-1           ]	<TIMEOUT>	 Time [ms]:	 30000
2022-03-23 16:46:20,105	Batch Processor	INFO	[DEU_Lohmar-15_1_T-1           ]	<TIMEOUT>	 Time [ms]:	 30000
2022-03-23 16:46:20,106	Batch Processor	INFO	[DEU_Lohmar-16_1_T-1           ]	<TIMEOUT>	 Time [ms]:	 30000
2022-03-23 16:46:20,107	Batch Processor	INFO	[DEU_Lohmar-17_1_T-1           ]	<TIMEOUT>	 Time [ms]:	 30000
2022-03-23 16:46:20,108	Batch Processor	INFO	[DEU_Lohmar-18_1_T-1           ]	<TIMEOUT>	 Time [ms]:	 30000
2022-03-23 16:46:20,110	Batch Processor	INFO	[DEU_Lohmar-19_1_T-1           ]	<FAILURE>	 Time [ms]:	   602
2022-03-23 16:46:20,115	Batch Processor	INFO	[DEU_Lohmar-1_1_T-1            ]	<SUCCESS>	 Time [ms]:	 22483	
2022-03-23 16:46:20,117	Batch Processor	INFO	[DEU_Lohmar-20_1_T-1           ]	<TIMEOUT>	 Time [ms]:	 30000
2022-03-23 16:46:20,119	Batch Processor	INFO	[DEU_Lohmar-21_1_T-1           ]	<TIMEOUT>	 Time [ms]:	 30000
2022-03-23 16:46:20,120	Batch Processor	INFO	[DEU_Lohmar-22_1_T-1           ]	<TIMEOUT>	 Time [ms]:	 30000
2022-03-23 16:46:20,125	Batch Processor	INFO	[DEU_Lohmar-24_1_T-1           ]	<SUCCESS>	 Time [ms]:	  8574	
2022-03-23 16:46:20,127	Batch Processor	INFO	[DEU_Lohmar-25_1_T-1           ]	<TIMEOUT>	 Time [ms]:	 30000
2022-03-23 16:46:20,128	Batch Processor	INFO	[DEU_Lohmar-26_1_T-1           ]	<TIMEOUT>	 Time [ms]:	 30000
2022-03-23 16:46:20,129	Batch Processor	INFO	[DEU_Lohmar-27_1_T-1           ]	<TIMEOUT>	 Time [ms]:	 30000
2022-03-23 16:46:20,131	Batch Processor	INFO	[DEU_Lohmar-28_1_T-1           ]	<TIMEOUT>	 Time [ms]:	 30000
2022-03-23 16:46:20,132	Batch Processor	INFO	[DEU_Lohmar-2_1_T-1            ]	<TIMEOUT>	 Time [ms]:	 30000
2022-03-23 16:46:20,134	Batch Processor	INFO	[DEU_Lohmar-30_1_T-1           ]	<TIMEOUT>	 Time [ms]:	 30000
2022-03-23 16:46:20,135	Batch Processor	INFO	[DEU_Lohmar-31_1_T-1           ]	<TIMEOUT>	 Time [ms]:	 30000
2022-03-23 16:46:20,136	Batch Processor	INFO	[DEU_Lohmar-33_1_T-1           ]	<TIMEOUT>	 Time [ms]:	 30000
2022-03-23 16:46:20,138	Batch Processor	INFO	[DEU_Lohmar-34_1_T-1           ]	<TIMEOUT>	 Time [ms]:	 30000
2022-03-23 16:46:20,139	Batch Processor	INFO	[DEU_Lohmar-35_1_T-1           ]	<TIMEOUT>	 Time [ms]:	 30000
2022-03-23 16:46:20,141	Batch Processor	INFO	[DEU_Lohmar-37_1_T-1           ]	<TIMEOUT>	 Time [ms]:	 30000
2022-03-23 16:46:20,142	Batch Processor	INFO	[DEU_Lohmar-38_1_T-1           ]	<TIMEOUT>	 Time [ms]:	 30000
2022-03-23 16:46:20,144	Batch Processor	INFO	[DEU_Lohmar-39_1_T-1           ]	<TIMEOUT>	 Time [ms]:	 30000
2022-03-23 16:46:20,145	Batch Processor	INFO	[DEU_Lohmar-3_1_T-1            ]	<TIMEOUT>	 Time [ms]:	 30000
2022-03-23 16:46:20,147	Batch Processor	INFO	[DEU_Lohmar-40_1_T-1           ]	<TIMEOUT>	 Time [ms]:	 30000
2022-03-23 16:46:20,148	Batch Processor	INFO	[DEU_Lohmar-41_1_T-1           ]	<TIMEOUT>	 Time [ms]:	 30000
2022-03-23 16:46:20,150	Batch Processor	INFO	[DEU_Lohmar-42_1_T-1           ]	<TIMEOUT>	 Time [ms]:	 30000
2022-03-23 16:46:20,151	Batch Processor	INFO	[DEU_Lohmar-44_1_T-1           ]	<TIMEOUT>	 Time [ms]:	 30000
2022-03-23 16:46:20,152	Batch Processor	INFO	[DEU_Lohmar-45_1_T-1           ]	<TIMEOUT>	 Time [ms]:	 30000
2022-03-23 16:46:20,157	Batch Processor	INFO	[DEU_Lohmar-46_1_T-1           ]	<SUCCESS>	 Time [ms]:	 14071	
2022-03-23 16:46:20,158	Batch Processor	INFO	[DEU_Lohmar-47_1_T-1           ]	<TIMEOUT>	 Time [ms]:	 30000
2022-03-23 16:46:20,159	Batch Processor	INFO	[DEU_Lohmar-48_1_T-1           ]	<TIMEOUT>	 Time [ms]:	 30000
2022-03-23 16:46:20,161	Batch Processor	INFO	[DEU_Lohmar-4_1_T-1            ]	<TIMEOUT>	 Time [ms]:	 30000
2022-03-23 16:46:20,166	Batch Processor	INFO	[DEU_Lohmar-50_1_T-1           ]	<SUCCESS>	 Time [ms]:	  1075	
2022-03-23 16:46:20,168	Batch Processor	INFO	[DEU_Lohmar-51_1_T-1           ]	<TIMEOUT>	 Time [ms]:	 30000
2022-03-23 16:46:20,173	Batch Processor	INFO	[DEU_Lohmar-52_1_T-1           ]	<SUCCESS>	 Time [ms]:	 15105	
2022-03-23 16:46:20,175	Batch Processor	INFO	[DEU_Lohmar-53_1_T-1           ]	<TIMEOUT>	 Time [ms]:	 30000
2022-03-23 16:46:20,176	Batch Processor	INFO	[DEU_Lohmar-54_1_T-1           ]	<TIMEOUT>	 Time [ms]:	 30000
2022-03-23 16:46:20,178	Batch Processor	INFO	[DEU_Lohmar-55_1_T-1           ]	<TIMEOUT>	 Time [ms]:	 30000
2022-03-23 16:46:20,179	Batch Processor	INFO	[DEU_Lohmar-56_1_T-1           ]	<TIMEOUT>	 Time [ms]:	 30000
2022-03-23 16:46:20,181	Batch Processor	INFO	[DEU_Lohmar-57_1_T-1           ]	<TIMEOUT>	 Time [ms]:	 30000
2022-03-23 16:46:20,182	Batch Processor	INFO	[DEU_Lohmar-58_1_T-1           ]	<TIMEOUT>	 Time [ms]:	 30000
2022-03-23 16:46:20,184	Batch Processor	INFO	[DEU_Lohmar-59_1_T-1           ]	<TIMEOUT>	 Time [ms]:	 30000
2022-03-23 16:46:20,185	Batch Processor	INFO	[DEU_Lohmar-5_1_T-1            ]	<TIMEOUT>	 Time [ms]:	 30000
2022-03-23 16:46:20,186	Batch Processor	INFO	[DEU_Lohmar-60_1_T-1           ]	<TIMEOUT>	 Time [ms]:	 30000
2022-03-23 16:46:20,187	Batch Processor	INFO	[DEU_Lohmar-62_1_T-1           ]	<TIMEOUT>	 Time [ms]:	 30000
2022-03-23 16:46:20,194	Batch Processor	INFO	[DEU_Lohmar-63_1_T-1           ]	<SUCCESS>	 Time [ms]:	 12125	
2022-03-23 16:46:20,195	Batch Processor	INFO	[DEU_Lohmar-64_1_T-1           ]	<TIMEOUT>	 Time [ms]:	 30000
2022-03-23 16:46:20,197	Batch Processor	INFO	[DEU_Lohmar-65_1_T-1           ]	<TIMEOUT>	 Time [ms]:	 30000
2022-03-23 16:46:20,199	Batch Processor	INFO	[DEU_Lohmar-66_1_T-1           ]	<TIMEOUT>	 Time [ms]:	 30000
2022-03-23 16:46:20,203	Batch Processor	INFO	[DEU_Lohmar-67_1_T-1           ]	<SUCCESS>	 Time [ms]:	  2061	
2022-03-23 16:46:20,208	Batch Processor	INFO	[DEU_Lohmar-68_1_T-1           ]	<SUCCESS>	 Time [ms]:	  7550	
2022-03-23 16:46:20,210	Batch Processor	INFO	[DEU_Lohmar-69_1_T-1           ]	<TIMEOUT>	 Time [ms]:	 30000
2022-03-23 16:46:20,211	Batch Processor	INFO	[DEU_Lohmar-6_1_T-1            ]	<TIMEOUT>	 Time [ms]:	 30000
2022-03-23 16:46:20,213	Batch Processor	INFO	[DEU_Lohmar-7_1_T-1            ]	<TIMEOUT>	 Time [ms]:	 30000
2022-03-23 16:46:20,214	Batch Processor	INFO	[DEU_Lohmar-8_1_T-1            ]	<TIMEOUT>	 Time [ms]:	 30000
2022-03-23 16:46:20,216	Batch Processor	INFO	[DEU_Lohmar-9_1_T-1            ]	<TIMEOUT>	 Time [ms]:	 30000
2022-03-23 16:46:20,217	Batch Processor	INFO	[DEU_Luckenwalde-1_1_T-1       ]	<TIMEOUT>	 Time [ms]:	 30000
2022-03-23 16:46:20,220	Batch Processor	INFO	[DEU_Meckenheim-1_2_T-1        ]	<SUCCESS>	 Time [ms]:	   913	
2022-03-23 16:46:20,227	Batch Processor	INFO	[DEU_Meckenheim-1_4_T-1        ]	<SUCCESS>	 Time [ms]:	   513	
2022-03-23 16:46:20,231	Batch Processor	INFO	[DEU_Meckenheim-2_2_T-1        ]	<SUCCESS>	 Time [ms]:	   663	
2022-03-23 16:46:20,235	Batch Processor	INFO	[DEU_Meckenheim-2_5_T-1        ]	<SUCCESS>	 Time [ms]:	   699	
2022-03-23 16:46:20,239	Batch Processor	INFO	[DEU_Meckenheim-4_2_T-1        ]	<SUCCESS>	 Time [ms]:	  1033	
2022-03-23 16:46:20,242	Batch Processor	INFO	[DEU_Meckenheim-4_5_T-1        ]	<SUCCESS>	 Time [ms]:	  1025	
2022-03-23 16:46:20,245	Batch Processor	INFO	[DEU_Meckenheim-5_1_T-1        ]	<SUCCESS>	 Time [ms]:	   398	
2022-03-23 16:46:20,248	Batch Processor	INFO	[DEU_Meckenheim-8_1_T-1        ]	<SUCCESS>	 Time [ms]:	   781	
2022-03-23 16:46:20,252	Batch Processor	INFO	[DEU_Moabit-1_1_T-1            ]	<SUCCESS>	 Time [ms]:	   614	
2022-03-23 16:46:20,255	Batch Processor	INFO	[DEU_Moabit-1_3_T-1            ]	<SUCCESS>	 Time [ms]:	   440	
2022-03-23 16:46:20,258	Batch Processor	INFO	[DEU_Moabit-2_3_T-1            ]	<SUCCESS>	 Time [ms]:	   337	
2022-03-23 16:46:20,261	Batch Processor	INFO	[DEU_Moabit-2_6_T-1            ]	<SUCCESS>	 Time [ms]:	   651	
2022-03-23 16:46:20,264	Batch Processor	INFO	[DEU_Moabit-2_7_T-1            ]	<SUCCESS>	 Time [ms]:	   327	
2022-03-23 16:46:20,267	Batch Processor	INFO	[DEU_Moabit-5_1_T-1            ]	<SUCCESS>	 Time [ms]:	   376	
2022-03-23 16:46:20,271	Batch Processor	INFO	[DEU_Moabit-5_2_T-1            ]	<SUCCESS>	 Time [ms]:	   587	
2022-03-23 16:46:20,274	Batch Processor	INFO	[DEU_Moabit-5_3_T-1            ]	<SUCCESS>	 Time [ms]:	   595	
2022-03-23 16:46:20,276	Batch Processor	INFO	[DEU_Moabit-6_3_T-1            ]	<SUCCESS>	 Time [ms]:	   430	
2022-03-23 16:46:20,279	Batch Processor	INFO	[DEU_Moelln-10_2_T-1           ]	<SUCCESS>	 Time [ms]:	   388	
2022-03-23 16:46:20,281	Batch Processor	INFO	[DEU_Moelln-10_5_T-1           ]	<SUCCESS>	 Time [ms]:	   655	
2022-03-23 16:46:20,284	Batch Processor	INFO	[DEU_Moelln-11_1_T-1           ]	<SUCCESS>	 Time [ms]:	   431	
2022-03-23 16:46:20,288	Batch Processor	INFO	[DEU_Moelln-11_3_T-1           ]	<SUCCESS>	 Time [ms]:	   406	
2022-03-23 16:46:20,291	Batch Processor	INFO	[DEU_Moelln-11_4_T-1           ]	<SUCCESS>	 Time [ms]:	   399	
2022-03-23 16:46:20,295	Batch Processor	INFO	[DEU_Moelln-3_1_T-1            ]	<SUCCESS>	 Time [ms]:	   487	
2022-03-23 16:46:20,299	Batch Processor	INFO	[DEU_Moelln-3_2_T-1            ]	<SUCCESS>	 Time [ms]:	   554	
2022-03-23 16:46:20,303	Batch Processor	INFO	[DEU_Moelln-4_1_T-1            ]	<SUCCESS>	 Time [ms]:	   663	
2022-03-23 16:46:20,306	Batch Processor	INFO	[DEU_Moelln-4_2_T-1            ]	<SUCCESS>	 Time [ms]:	   648	
2022-03-23 16:46:20,309	Batch Processor	INFO	[DEU_Moelln-7_1_T-1            ]	<SUCCESS>	 Time [ms]:	   313	
2022-03-23 16:46:20,312	Batch Processor	INFO	[DEU_Muehlhausen-10_2_T-1      ]	<SUCCESS>	 Time [ms]:	   468	
2022-03-23 16:46:20,316	Batch Processor	INFO	[DEU_Muehlhausen-10_6_T-1      ]	<SUCCESS>	 Time [ms]:	   461	
2022-03-23 16:46:20,318	Batch Processor	INFO	[DEU_Muehlhausen-11_1_T-1      ]	<SUCCESS>	 Time [ms]:	   528	
2022-03-23 16:46:20,322	Batch Processor	INFO	[DEU_Muehlhausen-12_1_T-1      ]	<SUCCESS>	 Time [ms]:	   512	
2022-03-23 16:46:20,325	Batch Processor	INFO	[DEU_Muehlhausen-13_3_T-1      ]	<SUCCESS>	 Time [ms]:	   542	
2022-03-23 16:46:20,328	Batch Processor	INFO	[DEU_Muehlhausen-13_4_T-1      ]	<SUCCESS>	 Time [ms]:	  1487	
2022-03-23 16:46:20,330	Batch Processor	INFO	[DEU_Muehlhausen-14_1_T-1      ]	<FAILURE>	 Time [ms]:	   349
2022-03-23 16:46:20,333	Batch Processor	INFO	[DEU_Muehlhausen-14_2_T-1      ]	<SUCCESS>	 Time [ms]:	   470	
2022-03-23 16:46:20,337	Batch Processor	INFO	[DEU_Muehlhausen-14_3_T-1      ]	<SUCCESS>	 Time [ms]:	   642	
2022-03-23 16:46:20,340	Batch Processor	INFO	[DEU_Muehlhausen-1_3_T-1       ]	<SUCCESS>	 Time [ms]:	   470	
2022-03-23 16:46:20,344	Batch Processor	INFO	[DEU_Muehlhausen-1_5_T-1       ]	<SUCCESS>	 Time [ms]:	   837	
2022-03-23 16:46:20,348	Batch Processor	INFO	[DEU_Muehlhausen-2_2_T-1       ]	<SUCCESS>	 Time [ms]:	   968	
2022-03-23 16:46:20,351	Batch Processor	INFO	[DEU_Muehlhausen-7_1_T-1       ]	<SUCCESS>	 Time [ms]:	   602	
2022-03-23 16:46:20,353	Batch Processor	INFO	[DEU_Reutlingen-1_1_T-1        ]	<TIMEOUT>	 Time [ms]:	 30000
2022-03-23 16:46:20,359	Batch Processor	INFO	[DEU_Reutlingen-2_1_T-1        ]	<SUCCESS>	 Time [ms]:	  7781	
2022-03-23 16:46:20,360	Batch Processor	INFO	[DEU_Reutlingen-3_1_T-1        ]	<TIMEOUT>	 Time [ms]:	 30000
2022-03-23 16:46:20,366	Batch Processor	INFO	[DEU_Reutlingen-4_1_T-1        ]	<SUCCESS>	 Time [ms]:	  2062	
2022-03-23 16:46:20,368	Batch Processor	INFO	[DEU_Reutlingen-6_1_T-1        ]	<TIMEOUT>	 Time [ms]:	 30000
2022-03-23 16:46:20,371	Batch Processor	INFO	[DEU_Rheinbach-2_1_T-1         ]	<SUCCESS>	 Time [ms]:	   680	
2022-03-23 16:46:20,374	Batch Processor	INFO	[DEU_Rheinbach-2_5_T-1         ]	<SUCCESS>	 Time [ms]:	   640	
2022-03-23 16:46:20,378	Batch Processor	INFO	[DEU_Rheinbach-2_6_T-1         ]	<SUCCESS>	 Time [ms]:	   605	
2022-03-23 16:46:20,382	Batch Processor	INFO	[DEU_Rheinbach-4_1_T-1         ]	<SUCCESS>	 Time [ms]:	   733	
2022-03-23 16:46:20,385	Batch Processor	INFO	[DEU_Rheinbach-4_3_T-1         ]	<SUCCESS>	 Time [ms]:	  1913	
2022-03-23 16:46:20,388	Batch Processor	INFO	[DEU_Rheinbach-4_5_T-1         ]	<SUCCESS>	 Time [ms]:	   616	
2022-03-23 16:46:20,391	Batch Processor	INFO	[DEU_Rheinbach-5_2_T-1         ]	<SUCCESS>	 Time [ms]:	   763	
2022-03-23 16:46:20,394	Batch Processor	INFO	[DEU_Speyer-1_4_T-1            ]	<SUCCESS>	 Time [ms]:	   662	
2022-03-23 16:46:20,398	Batch Processor	INFO	[DEU_Speyer-1_6_T-1            ]	<SUCCESS>	 Time [ms]:	   520	
2022-03-23 16:46:20,400	Batch Processor	INFO	[DEU_Speyer-2_3_T-1            ]	<SUCCESS>	 Time [ms]:	   367	
2022-03-23 16:46:20,404	Batch Processor	INFO	[DEU_Speyer-3_2_T-1            ]	<SUCCESS>	 Time [ms]:	   339	
2022-03-23 16:46:20,406	Batch Processor	INFO	[DEU_Speyer-3_4_T-1            ]	<FAILURE>	 Time [ms]:	   277
2022-03-23 16:46:20,410	Batch Processor	INFO	[DEU_Speyer-3_5_T-1            ]	<SUCCESS>	 Time [ms]:	   918	
2022-03-23 16:46:20,413	Batch Processor	INFO	[DEU_Speyer-3_6_T-1            ]	<SUCCESS>	 Time [ms]:	   488	
2022-03-23 16:46:20,417	Batch Processor	INFO	[DEU_Speyer-3_8_T-1            ]	<SUCCESS>	 Time [ms]:	   534	
2022-03-23 16:46:20,420	Batch Processor	INFO	[DEU_Speyer-3_9_T-1            ]	<SUCCESS>	 Time [ms]:	   328	
2022-03-23 16:46:20,423	Batch Processor	INFO	[ESP_Almansa-2_2_T-1           ]	<SUCCESS>	 Time [ms]:	  2279	
2022-03-23 16:46:20,426	Batch Processor	INFO	[ESP_Berga-10_1_T-1            ]	<SUCCESS>	 Time [ms]:	   613	
2022-03-23 16:46:20,430	Batch Processor	INFO	[ESP_Berga-9_1_T-1             ]	<SUCCESS>	 Time [ms]:	   659	
2022-03-23 16:46:20,435	Batch Processor	INFO	[ESP_Cambre-2_3_T-1            ]	<SUCCESS>	 Time [ms]:	   585	
2022-03-23 16:46:20,438	Batch Processor	INFO	[ESP_Cambre-2_4_T-1            ]	<SUCCESS>	 Time [ms]:	   594	
2022-03-23 16:46:20,440	Batch Processor	INFO	[ESP_Cambre-3_3_T-1            ]	<SUCCESS>	 Time [ms]:	   676	
2022-03-23 16:46:20,443	Batch Processor	INFO	[ESP_Ceuta-10_1_T-1            ]	<SUCCESS>	 Time [ms]:	   856	
2022-03-23 16:46:20,445	Batch Processor	INFO	[ESP_Ceuta-15_2_T-1            ]	<SUCCESS>	 Time [ms]:	   665	
2022-03-23 16:46:20,448	Batch Processor	INFO	[ESP_Ceuta-1_2_T-1             ]	<SUCCESS>	 Time [ms]:	   755	
2022-03-23 16:46:20,452	Batch Processor	INFO	[ESP_Ceuta-3_2_T-1             ]	<SUCCESS>	 Time [ms]:	   748	
2022-03-23 16:46:20,455	Batch Processor	INFO	[ESP_Inca-3_1_T-1              ]	<SUCCESS>	 Time [ms]:	   669	
2022-03-23 16:46:20,457	Batch Processor	INFO	[ESP_Monzon-2_1_T-1            ]	<SUCCESS>	 Time [ms]:	   587	
2022-03-23 16:46:20,460	Batch Processor	INFO	[ESP_Monzon-3_1_T-1            ]	<SUCCESS>	 Time [ms]:	  1339	
2022-03-23 16:46:20,464	Batch Processor	INFO	[ESP_Monzon-6_1_T-1            ]	<SUCCESS>	 Time [ms]:	  1014	
2022-03-23 16:46:20,466	Batch Processor	INFO	[ESP_Monzon-7_2_T-1            ]	<SUCCESS>	 Time [ms]:	   787	
2022-03-23 16:46:20,470	Batch Processor	INFO	[ESP_Monzon-7_5_T-1            ]	<SUCCESS>	 Time [ms]:	   784	
2022-03-23 16:46:20,473	Batch Processor	INFO	[ESP_PriegodeCordoba-1_1_T-1   ]	<SUCCESS>	 Time [ms]:	   655	
2022-03-23 16:46:20,476	Batch Processor	INFO	[ESP_PriegodeCordoba-1_2_T-1   ]	<SUCCESS>	 Time [ms]:	   640	
2022-03-23 16:46:20,479	Batch Processor	INFO	[ESP_PriegodeCordoba-1_6_T-1   ]	<SUCCESS>	 Time [ms]:	  1216	
2022-03-23 16:46:20,482	Batch Processor	INFO	[ESP_PriegodeCordoba-1_7_T-1   ]	<SUCCESS>	 Time [ms]:	   512	
2022-03-23 16:46:20,485	Batch Processor	INFO	[ESP_PriegodeCordoba-3_2_T-1   ]	<SUCCESS>	 Time [ms]:	  1141	
2022-03-23 16:46:20,488	Batch Processor	INFO	[ESP_SantBoideLlobregat-11_2_T-1]	<SUCCESS>	 Time [ms]:	   496	
2022-03-23 16:46:20,492	Batch Processor	INFO	[ESP_SantBoideLlobregat-11_7_T-1]	<SUCCESS>	 Time [ms]:	  2939	
2022-03-23 16:46:20,495	Batch Processor	INFO	[ESP_SantBoideLlobregat-18_1_T-1]	<SUCCESS>	 Time [ms]:	   209	
2022-03-23 16:46:20,498	Batch Processor	INFO	[ESP_SantBoideLlobregat-22_2_T-1]	<SUCCESS>	 Time [ms]:	   287	
2022-03-23 16:46:20,501	Batch Processor	INFO	[ESP_SantBoideLlobregat-23_1_T-1]	<SUCCESS>	 Time [ms]:	   638	
2022-03-23 16:46:20,502	Batch Processor	INFO	[ESP_SantBoideLlobregat-4_1_T-1]	<FAILURE>	 Time [ms]:	   325
2022-03-23 16:46:20,505	Batch Processor	INFO	[ESP_Toledo-11_2_T-1           ]	<SUCCESS>	 Time [ms]:	   656	
2022-03-23 16:46:20,508	Batch Processor	INFO	[ESP_Toledo-11_4_T-1           ]	<SUCCESS>	 Time [ms]:	   496	
2022-03-23 16:46:20,510	Batch Processor	INFO	[ESP_Toledo-11_5_T-1           ]	<SUCCESS>	 Time [ms]:	   380	
2022-03-23 16:46:20,513	Batch Processor	INFO	[ESP_Toledo-1_1_T-1            ]	<SUCCESS>	 Time [ms]:	  1282	
2022-03-23 16:46:20,517	Batch Processor	INFO	[ESP_Toledo-7_1_T-1            ]	<SUCCESS>	 Time [ms]:	   538	
2022-03-23 16:46:20,522	Batch Processor	INFO	[ESP_Toledo-7_2_T-1            ]	<SUCCESS>	 Time [ms]:	   618	
2022-03-23 16:46:20,524	Batch Processor	INFO	[FRA_Anglet-2_1_T-1            ]	<FAILURE>	 Time [ms]:	   629
2022-03-23 16:46:20,527	Batch Processor	INFO	[FRA_Anglet-5_6_T-1            ]	<SUCCESS>	 Time [ms]:	   336	
2022-03-23 16:46:20,530	Batch Processor	INFO	[FRA_Anglet-5_7_T-1            ]	<SUCCESS>	 Time [ms]:	   324	
2022-03-23 16:46:20,532	Batch Processor	INFO	[FRA_Miramas-2_1_T-1           ]	<SUCCESS>	 Time [ms]:	   791	
2022-03-23 16:46:20,535	Batch Processor	INFO	[FRA_Miramas-4_2_T-1           ]	<SUCCESS>	 Time [ms]:	   436	
2022-03-23 16:46:20,538	Batch Processor	INFO	[FRA_Miramas-4_5_T-1           ]	<SUCCESS>	 Time [ms]:	   369	
2022-03-23 16:46:20,541	Batch Processor	INFO	[FRA_Miramas-7_2_T-1           ]	<SUCCESS>	 Time [ms]:	   626	
2022-03-23 16:46:20,545	Batch Processor	INFO	[FRA_MoissyCramayel-2_3_T-1    ]	<SUCCESS>	 Time [ms]:	  1147	
2022-03-23 16:46:20,548	Batch Processor	INFO	[FRA_MoissyCramayel-3_1_T-1    ]	<SUCCESS>	 Time [ms]:	   760	
2022-03-23 16:46:20,551	Batch Processor	INFO	[FRA_MoissyCramayel-3_4_T-1    ]	<SUCCESS>	 Time [ms]:	   886	
2022-03-23 16:46:20,554	Batch Processor	INFO	[FRA_Sete-1_1_T-1              ]	<SUCCESS>	 Time [ms]:	   929	
2022-03-23 16:46:20,557	Batch Processor	INFO	[GRC_Perama-2_2_T-1            ]	<SUCCESS>	 Time [ms]:	   469	
2022-03-23 16:46:20,560	Batch Processor	INFO	[GRC_Perama-4_3_T-1            ]	<SUCCESS>	 Time [ms]:	  1051	
2022-03-23 16:46:20,561	Batch Processor	INFO	[GRC_Perama-6_1_T-1            ]	<FAILURE>	 Time [ms]:	   504
2022-03-23 16:46:20,566	Batch Processor	INFO	[GRC_Perama-6_4_T-1            ]	<SUCCESS>	 Time [ms]:	   603	
2022-03-23 16:46:20,570	Batch Processor	INFO	[GRC_Perama-6_7_T-1            ]	<SUCCESS>	 Time [ms]:	   723	
2022-03-23 16:46:20,573	Batch Processor	INFO	[GRC_Perama-6_8_T-1            ]	<SUCCESS>	 Time [ms]:	   593	
2022-03-23 16:46:20,576	Batch Processor	INFO	[GRC_Perama-7_2_T-1            ]	<SUCCESS>	 Time [ms]:	   784	
2022-03-23 16:46:20,579	Batch Processor	INFO	[HRV_Pula-10_2_T-1             ]	<SUCCESS>	 Time [ms]:	  1075	
2022-03-23 16:46:20,583	Batch Processor	INFO	[HRV_Pula-15_2_T-1             ]	<SUCCESS>	 Time [ms]:	  1041	
2022-03-23 16:46:20,586	Batch Processor	INFO	[HRV_Pula-16_2_T-1             ]	<SUCCESS>	 Time [ms]:	   531	
2022-03-23 16:46:20,590	Batch Processor	INFO	[HRV_Pula-16_4_T-1             ]	<SUCCESS>	 Time [ms]:	   639	
2022-03-23 16:46:20,593	Batch Processor	INFO	[HRV_Pula-18_2_T-1             ]	<SUCCESS>	 Time [ms]:	   705	
2022-03-23 16:46:20,596	Batch Processor	INFO	[HRV_Pula-19_1_T-1             ]	<SUCCESS>	 Time [ms]:	  1470	
2022-03-23 16:46:20,599	Batch Processor	INFO	[HRV_Pula-19_4_T-1             ]	<SUCCESS>	 Time [ms]:	   522	
2022-03-23 16:46:20,602	Batch Processor	INFO	[HRV_Pula-23_2_T-1             ]	<SUCCESS>	 Time [ms]:	   635	
2022-03-23 16:46:20,606	Batch Processor	INFO	[HRV_Pula-25_3_T-1             ]	<SUCCESS>	 Time [ms]:	   848	
2022-03-23 16:46:20,609	Batch Processor	INFO	[HRV_Pula-25_4_T-1             ]	<SUCCESS>	 Time [ms]:	   884	
2022-03-23 16:46:20,612	Batch Processor	INFO	[HRV_Pula-27_1_T-1             ]	<SUCCESS>	 Time [ms]:	   911	
2022-03-23 16:46:20,615	Batch Processor	INFO	[HRV_Pula-27_2_T-1             ]	<SUCCESS>	 Time [ms]:	   869	
2022-03-23 16:46:20,618	Batch Processor	INFO	[HRV_Pula-29_3_T-1             ]	<SUCCESS>	 Time [ms]:	   828	
2022-03-23 16:46:20,620	Batch Processor	INFO	[HRV_Pula-2_2_T-1              ]	<FAILURE>	 Time [ms]:	   577
2022-03-23 16:46:20,623	Batch Processor	INFO	[HRV_Pula-30_2_T-1             ]	<SUCCESS>	 Time [ms]:	  1536	
2022-03-23 16:46:20,626	Batch Processor	INFO	[HRV_Pula-30_3_T-1             ]	<SUCCESS>	 Time [ms]:	   905	
2022-03-23 16:46:20,632	Batch Processor	INFO	[HRV_Pula-30_5_T-1             ]	<SUCCESS>	 Time [ms]:	   908	
2022-03-23 16:46:20,636	Batch Processor	INFO	[HRV_Pula-32_1_T-1             ]	<SUCCESS>	 Time [ms]:	  1246	
2022-03-23 16:46:20,640	Batch Processor	INFO	[HRV_Pula-33_2_T-1             ]	<SUCCESS>	 Time [ms]:	  1114	
2022-03-23 16:46:20,644	Batch Processor	INFO	[HRV_Pula-3_2_T-1              ]	<SUCCESS>	 Time [ms]:	  1025	
2022-03-23 16:46:20,648	Batch Processor	INFO	[HRV_Pula-5_1_T-1              ]	<SUCCESS>	 Time [ms]:	   717	
2022-03-23 16:46:20,652	Batch Processor	INFO	[HRV_Pula-5_3_T-1              ]	<SUCCESS>	 Time [ms]:	  2016	
2022-03-23 16:46:20,656	Batch Processor	INFO	[HRV_Pula-5_5_T-1              ]	<SUCCESS>	 Time [ms]:	   823	
2022-03-23 16:46:20,660	Batch Processor	INFO	[HRV_Pula-8_2_T-1              ]	<SUCCESS>	 Time [ms]:	   589	
2022-03-23 16:46:20,662	Batch Processor	INFO	[HRV_Pula-9_4_T-1              ]	<SUCCESS>	 Time [ms]:	   510	
2022-03-23 16:46:20,665	Batch Processor	INFO	[ITA_Adelfia-1_1_T-1           ]	<SUCCESS>	 Time [ms]:	   469	
2022-03-23 16:46:20,668	Batch Processor	INFO	[ITA_Adelfia-1_3_T-1           ]	<SUCCESS>	 Time [ms]:	   548	
2022-03-23 16:46:20,671	Batch Processor	INFO	[ITA_Adelfia-1_4_T-1           ]	<SUCCESS>	 Time [ms]:	   451	
2022-03-23 16:46:20,674	Batch Processor	INFO	[ITA_Adelfia-1_5_T-1           ]	<SUCCESS>	 Time [ms]:	   446	
2022-03-23 16:46:20,677	Batch Processor	INFO	[ITA_Adelfia-1_6_T-1           ]	<SUCCESS>	 Time [ms]:	   554	
2022-03-23 16:46:20,679	Batch Processor	INFO	[ITA_CarpiCentro-1_1_T-1       ]	<FAILURE>	 Time [ms]:	   583
2022-03-23 16:46:20,682	Batch Processor	INFO	[ITA_CarpiCentro-1_2_T-1       ]	<SUCCESS>	 Time [ms]:	   755	
2022-03-23 16:46:20,685	Batch Processor	INFO	[ITA_CarpiCentro-1_4_T-1       ]	<SUCCESS>	 Time [ms]:	   544	
2022-03-23 16:46:20,688	Batch Processor	INFO	[ITA_CarpiCentro-3_1_T-1       ]	<SUCCESS>	 Time [ms]:	   950	
2022-03-23 16:46:20,692	Batch Processor	INFO	[ITA_CarpiCentro-6_1_T-1       ]	<SUCCESS>	 Time [ms]:	  1272	
2022-03-23 16:46:20,695	Batch Processor	INFO	[ITA_CarpiCentro-6_3_T-1       ]	<SUCCESS>	 Time [ms]:	   892	
2022-03-23 16:46:20,698	Batch Processor	INFO	[ITA_CarpiCentro-8_3_T-1       ]	<SUCCESS>	 Time [ms]:	   405	
2022-03-23 16:46:20,702	Batch Processor	INFO	[ITA_CarpiCentro-9_1_T-1       ]	<SUCCESS>	 Time [ms]:	   503	
2022-03-23 16:46:20,705	Batch Processor	INFO	[ITA_CarpiCentro-9_2_T-1       ]	<SUCCESS>	 Time [ms]:	   471	
2022-03-23 16:46:20,708	Batch Processor	INFO	[ITA_CarpiCentro-9_5_T-1       ]	<SUCCESS>	 Time [ms]:	   839	
2022-03-23 16:46:20,712	Batch Processor	INFO	[ITA_CarpiCentro-9_6_T-1       ]	<SUCCESS>	 Time [ms]:	   525	
2022-03-23 16:46:20,717	Batch Processor	INFO	[ITA_Empoli-2_1_T-1            ]	<SUCCESS>	 Time [ms]:	   569	
2022-03-23 16:46:20,720	Batch Processor	INFO	[ITA_Empoli-2_2_T-1            ]	<SUCCESS>	 Time [ms]:	   454	
2022-03-23 16:46:20,724	Batch Processor	INFO	[ITA_Empoli-2_5_T-1            ]	<SUCCESS>	 Time [ms]:	   577	
2022-03-23 16:46:20,728	Batch Processor	INFO	[ITA_Empoli-4_2_T-1            ]	<SUCCESS>	 Time [ms]:	   795	
2022-03-23 16:46:20,732	Batch Processor	INFO	[ITA_Empoli-7_1_T-1            ]	<SUCCESS>	 Time [ms]:	   435	
2022-03-23 16:46:20,736	Batch Processor	INFO	[ITA_Empoli-7_2_T-1            ]	<SUCCESS>	 Time [ms]:	   487	
2022-03-23 16:46:20,740	Batch Processor	INFO	[ITA_Empoli-7_3_T-1            ]	<SUCCESS>	 Time [ms]:	   573	
2022-03-23 16:46:20,745	Batch Processor	INFO	[ITA_Empoli-8_2_T-1            ]	<SUCCESS>	 Time [ms]:	   755	
2022-03-23 16:46:20,747	Batch Processor	INFO	[ITA_Foggia-12_1_T-1           ]	<FAILURE>	 Time [ms]:	   315
2022-03-23 16:46:20,750	Batch Processor	INFO	[ITA_Foggia-1_1_T-1            ]	<SUCCESS>	 Time [ms]:	   482	
2022-03-23 16:46:20,754	Batch Processor	INFO	[ITA_Foggia-1_2_T-1            ]	<SUCCESS>	 Time [ms]:	   649	
2022-03-23 16:46:20,757	Batch Processor	INFO	[ITA_Foggia-4_2_T-1            ]	<SUCCESS>	 Time [ms]:	   508	
2022-03-23 16:46:20,761	Batch Processor	INFO	[ITA_Foggia-7_1_T-1            ]	<SUCCESS>	 Time [ms]:	  1679	
2022-03-23 16:46:20,764	Batch Processor	INFO	[ITA_Foggia-7_2_T-1            ]	<SUCCESS>	 Time [ms]:	  1819	
2022-03-23 16:46:20,768	Batch Processor	INFO	[ITA_SanGiorgioaCremano-2_2_T-1]	<SUCCESS>	 Time [ms]:	  1006	
2022-03-23 16:46:20,771	Batch Processor	INFO	[ITA_Scicli-2_1_T-1            ]	<SUCCESS>	 Time [ms]:	  1078	
2022-03-23 16:46:20,774	Batch Processor	INFO	[ITA_Segrate-1_1_T-1           ]	<FAILURE>	 Time [ms]:	   335
2022-03-23 16:46:20,779	Batch Processor	INFO	[ITA_Segrate-1_3_T-1           ]	<SUCCESS>	 Time [ms]:	   809	
2022-03-23 16:46:20,783	Batch Processor	INFO	[ITA_Segrate-2_1_T-1           ]	<SUCCESS>	 Time [ms]:	   350	
2022-03-23 16:46:20,787	Batch Processor	INFO	[ITA_Segrate-2_3_T-1           ]	<SUCCESS>	 Time [ms]:	   354	
2022-03-23 16:46:20,791	Batch Processor	INFO	[ITA_Siderno-1_3_T-1           ]	<SUCCESS>	 Time [ms]:	   448	
2022-03-23 16:46:20,793	Batch Processor	INFO	[ITA_Siderno-2_2_T-1           ]	<FAILURE>	 Time [ms]:	   523
2022-03-23 16:46:20,796	Batch Processor	INFO	[ITA_Siderno-3_1_T-1           ]	<SUCCESS>	 Time [ms]:	   947	
2022-03-23 16:46:20,798	Batch Processor	INFO	[ITA_Siderno-3_4_T-1           ]	<FAILURE>	 Time [ms]:	   515
2022-03-23 16:46:20,801	Batch Processor	INFO	[ITA_Siderno-5_2_T-1           ]	<SUCCESS>	 Time [ms]:	   726	
2022-03-23 16:46:20,805	Batch Processor	INFO	[ITA_Siderno-5_3_T-1           ]	<SUCCESS>	 Time [ms]:	   560	
2022-03-23 16:46:20,808	Batch Processor	INFO	[ITA_Siderno-8_1_T-1           ]	<SUCCESS>	 Time [ms]:	   783	
2022-03-23 16:46:20,812	Batch Processor	INFO	[ITA_Siderno-8_3_T-1           ]	<SUCCESS>	 Time [ms]:	   809	
2022-03-23 16:46:20,816	Batch Processor	INFO	[ITA_Siderno-8_4_T-1           ]	<SUCCESS>	 Time [ms]:	   827	
2022-03-23 16:46:20,819	Batch Processor	INFO	[PRI_Barceloneta-1_3_T-1       ]	<SUCCESS>	 Time [ms]:	   642	
2022-03-23 16:46:20,823	Batch Processor	INFO	[PRI_Barceloneta-2_2_T-1       ]	<SUCCESS>	 Time [ms]:	  1147	
2022-03-23 16:46:20,827	Batch Processor	INFO	[PRI_Barceloneta-2_3_T-1       ]	<SUCCESS>	 Time [ms]:	   978	
2022-03-23 16:46:20,834	Batch Processor	INFO	[PRI_Barceloneta-3_1_T-1       ]	<SUCCESS>	 Time [ms]:	   920	
2022-03-23 16:46:20,839	Batch Processor	INFO	[PRI_Barceloneta-3_2_T-1       ]	<SUCCESS>	 Time [ms]:	   877	
2022-03-23 16:46:20,843	Batch Processor	INFO	[PRI_Barceloneta-4_4_T-1       ]	<SUCCESS>	 Time [ms]:	   758	
2022-03-23 16:46:20,846	Batch Processor	INFO	[RUS_Bicycle-12_1_T-1          ]	<SUCCESS>	 Time [ms]:	   468	
2022-03-23 16:46:20,850	Batch Processor	INFO	[RUS_Bicycle-1_1_T-1           ]	<SUCCESS>	 Time [ms]:	   541	
2022-03-23 16:46:20,853	Batch Processor	INFO	[RUS_Bicycle-3_1_T-1           ]	<SUCCESS>	 Time [ms]:	  2553	
2022-03-23 16:46:20,855	Batch Processor	INFO	[RUS_Bicycle-3_2_T-1           ]	<SUCCESS>	 Time [ms]:	  3001	
2022-03-23 16:46:20,858	Batch Processor	INFO	[RUS_Bicycle-4_1_T-1           ]	<SUCCESS>	 Time [ms]:	  1774	
2022-03-23 16:46:20,861	Batch Processor	INFO	[RUS_Bicycle-4_2_T-1           ]	<SUCCESS>	 Time [ms]:	  1800	
2022-03-23 16:46:20,863	Batch Processor	INFO	[RUS_Bicycle-5_1_T-1           ]	<SUCCESS>	 Time [ms]:	  1304	
2022-03-23 16:46:20,866	Batch Processor	INFO	[RUS_Bicycle-5_2_T-1           ]	<SUCCESS>	 Time [ms]:	   436	
2022-03-23 16:46:20,869	Batch Processor	INFO	[RUS_Bicycle-6_1_T-1           ]	<SUCCESS>	 Time [ms]:	  1704	
2022-03-23 16:46:20,872	Batch Processor	INFO	[RUS_Bicycle-7_1_T-1           ]	<SUCCESS>	 Time [ms]:	  1640	
2022-03-23 16:46:20,874	Batch Processor	INFO	[RUS_Bicycle-7_2_T-1           ]	<SUCCESS>	 Time [ms]:	   376	
2022-03-23 16:46:20,877	Batch Processor	INFO	[RUS_Bicycle-8_1_T-1           ]	<SUCCESS>	 Time [ms]:	   840	
2022-03-23 16:46:20,880	Batch Processor	INFO	[RUS_Bicycle-8_2_T-1           ]	<SUCCESS>	 Time [ms]:	  1749	
2022-03-23 16:46:20,883	Batch Processor	INFO	[USA_US101-11_3_T-1            ]	<SUCCESS>	 Time [ms]:	   856	
2022-03-23 16:46:20,885	Batch Processor	INFO	[USA_US101-12_3_T-1            ]	<TIMEOUT>	 Time [ms]:	 30000
2022-03-23 16:46:20,889	Batch Processor	INFO	[USA_US101-3_4_T-1             ]	<SUCCESS>	 Time [ms]:	  2433	
2022-03-23 16:46:20,894	Batch Processor	INFO	[USA_US101-4_3_T-1             ]	<SUCCESS>	 Time [ms]:	   710	
2022-03-23 16:46:20,899	Batch Processor	INFO	[USA_US101-8_4_T-1             ]	<SUCCESS>	 Time [ms]:	   466	
2022-03-23 16:46:20,900	Batch Processor	INFO	[ZAM_Tutorial-1_1_T-1          ]	<FAILURE>	 Time [ms]:	   184
2022-03-23 16:46:20,903	Batch Processor	INFO	[ZAM_Urban-3_1                 ]	<INVALID>	 Time [ms]:	   159	
2022-03-23 16:46:20,905	Batch Processor	INFO	[ZAM_Urban-4_1_S-1             ]	<INVALID>	 Time [ms]:	   158	
2022-03-23 16:46:20,907	Batch Processor	INFO	[ZAM_Urban-5_1_S-1             ]	<INVALID>	 Time [ms]:	   156	
2022-03-23 16:46:20,909	Batch Processor	INFO	==============================        Solution found        ==============================
	- ARG_Carcarana-10_1_T-1
	- ARG_Carcarana-10_2_T-1
	- ARG_Carcarana-10_4_T-1
	- ARG_Carcarana-11_1_T-1
	- ARG_Carcarana-12_3_T-1
	- ARG_Carcarana-1_2_T-1
	- ARG_Carcarana-1_4_T-1
	- ARG_Carcarana-1_5_T-1
	- ARG_Carcarana-1_7_T-1
	- ARG_Carcarana-1_8_T-1
	- ARG_Carcarana-6_8_T-1
	- ARG_Carcarana-2_2_T-1
	- ARG_Carcarana-7_3_T-1
	- BEL_Aarschot-1_2_T-1
	- BEL_Aarschot-6_2_T-1
	- BEL_Aarschot-1_3_T-1
	- BEL_Nivelles-10_1_T-1
	- BEL_Nivelles-16_2_T-1
	- BEL_Beringen-1_1_T-1
	- BEL_Nivelles-7_4_T-1
	- BEL_Nivelles-7_1_T-1
	- BEL_Putte-11_2_T-1
	- BEL_Putte-16_1_T-1
	- BEL_Putte-16_3_T-1
	- BEL_Putte-2_2_T-1
	- BEL_Putte-3_2_T-1
	- BEL_Putte-3_3_T-1
	- BEL_Putte-5_3_T-1
	- BEL_Putte-5_2_T-1
	- BEL_Putte-5_5_T-1
	- BEL_Putte-5_6_T-1
	- BEL_Putte-6_1_T-1
	- BEL_Putte-8_1_T-1
	- BEL_Putte-7_2_T-1
	- BEL_Putte-8_2_T-1
	- BEL_Putte-8_5_T-1
	- BEL_Putte-8_3_T-1
	- BEL_Putte-8_6_T-1
	- BEL_Wervik-3_4_T-1
	- BEL_Wervik-4_2_T-1
	- BEL_Wervik-4_3_T-1
	- BEL_Zaventem-1_2_T-1
	- BEL_Zaventem-3_1_T-1
	- BEL_Zaventem-5_3_T-1
	- BEL_Zwevegem-1_5_T-1
	- BEL_Zwevegem-2_1_T-1
	- BEL_Zwevegem-3_2_T-1
	- BEL_Zwevegem-3_3_T-1
	- BEL_Zwevegem-4_1_T-1
	- BEL_Zwevegem-4_5_T-1
	- BEL_Zwevegem-7_1_T-1
	- BEL_Zwevegem-7_2_T-1
	- BEL_Zwevegem-6_3_T-1
	- BEL_Zwevegem-8_3_T-1
	- BEL_Zwevegem-8_5_T-1
	- DEU_Backnang-2_3_T-1
	- DEU_Backnang-3_1_T-1
	- DEU_Backnang-3_3_T-1
	- DEU_BadEssen-1_4_T-1
	- DEU_BadEssen-2_2_T-1
	- DEU_BadWaldsee-1_1_T-1
	- DEU_Bilderstoeckchen-2_1_T-1
	- DEU_Bilderstoeckchen-2_3_T-1
	- DEU_Flensburg-28_1_T-1
	- DEU_Flensburg-2_1_T-1
	- DEU_Flensburg-39_1_T-1
	- DEU_Flensburg-54_1_T-1
	- DEU_Flensburg-68_1_T-1
	- DEU_Flensburg-71_1_T-1
	- DEU_Flensburg-72_1_T-1
	- DEU_Flensburg-73_1_T-1
	- DEU_Flensburg-7_1_T-1
	- DEU_Flensburg-89_1_T-1
	- DEU_Guetersloh-11_2_T-1
	- DEU_Guetersloh-11_3_T-1
	- DEU_Flensburg-99_1_T-1
	- DEU_Guetersloh-11_4_T-1
	- DEU_Guetersloh-12_1_T-1
	- DEU_Guetersloh-14_3_T-1
	- DEU_Guetersloh-16_2_T-1
	- DEU_Guetersloh-15_2_T-1
	- DEU_Guetersloh-18_2_T-1
	- DEU_Guetersloh-20_3_T-1
	- DEU_Guetersloh-1_2_T-1
	- DEU_Guetersloh-21_2_T-1
	- DEU_Guetersloh-27_1_T-1
	- DEU_Guetersloh-25_2_T-1
	- DEU_Guetersloh-28_6_T-1
	- DEU_Guetersloh-29_1_T-1
	- DEU_Guetersloh-2_1_T-1
	- DEU_Guetersloh-29_6_T-1
	- DEU_Guetersloh-31_4_T-1
	- DEU_Guetersloh-30_1_T-1
	- DEU_Guetersloh-34_1_T-1
	- DEU_Guetersloh-39_5_T-1
	- DEU_Guetersloh-39_1_T-1
	- DEU_Guetersloh-40_1_T-1
	- DEU_Guetersloh-40_4_T-1
	- DEU_Guetersloh-4_2_T-1
	- DEU_Guetersloh-4_3_T-1
	- DEU_Guetersloh-6_1_T-1
	- DEU_Guetersloh-65_1_T-1
	- DEU_Guetersloh-7_1_T-1
	- DEU_Guetersloh-7_2_T-1
	- DEU_Hennigsdorf-11_2_T-1
	- DEU_Hennigsdorf-10_3_T-1
	- DEU_Hennigsdorf-12_2_T-1
	- DEU_Hennigsdorf-14_1_T-1
	- DEU_Hennigsdorf-14_2_T-1
	- DEU_Hennigsdorf-14_3_T-1
	- DEU_Hennigsdorf-15_3_T-1
	- DEU_Hennigsdorf-16_2_T-1
	- DEU_Hennigsdorf-16_4_T-1
	- DEU_Hennigsdorf-16_6_T-1
	- DEU_Hennigsdorf-1_2_T-1
	- DEU_Hennigsdorf-3_3_T-1
	- DEU_Ibbenbueren-10_2_T-1
	- DEU_Ibbenbueren-11_1_T-1
	- DEU_Ibbenbueren-10_4_T-1
	- DEU_Ibbenbueren-12_3_T-1
	- DEU_Ibbenbueren-13_2_T-1
	- DEU_Ibbenbueren-15_2_T-1
	- DEU_Ibbenbueren-15_1_T-1
	- DEU_Ibbenbueren-16_3_T-1
	- DEU_Ibbenbueren-16_4_T-1
	- DEU_Ibbenbueren-16_5_T-1
	- DEU_Ibbenbueren-5_1_T-1
	- DEU_Ibbenbueren-5_3_T-1
	- DEU_Ibbenbueren-5_5_T-1
	- DEU_Ibbenbueren-6_2_T-1
	- DEU_Ibbenbueren-6_3_T-1
	- DEU_Ibbenbueren-8_1_T-1
	- DEU_Ibbenbueren-8_2_T-1
	- DEU_Ibbenbueren-8_4_T-1
	- DEU_Ibbenbueren-9_1_T-1
	- DEU_Lohmar-1_1_T-1
	- DEU_Lohmar-24_1_T-1
	- DEU_Lohmar-46_1_T-1
	- DEU_Lohmar-50_1_T-1
	- DEU_Lohmar-52_1_T-1
	- DEU_Lohmar-63_1_T-1
	- DEU_Lohmar-67_1_T-1
	- DEU_Lohmar-68_1_T-1
	- DEU_Meckenheim-1_4_T-1
	- DEU_Meckenheim-1_2_T-1
	- DEU_Meckenheim-2_2_T-1
	- DEU_Meckenheim-2_5_T-1
	- DEU_Meckenheim-4_2_T-1
	- DEU_Meckenheim-4_5_T-1
	- DEU_Meckenheim-5_1_T-1
	- DEU_Meckenheim-8_1_T-1
	- DEU_Moabit-1_1_T-1
	- DEU_Moabit-2_3_T-1
	- DEU_Moabit-1_3_T-1
	- DEU_Moabit-2_7_T-1
	- DEU_Moabit-2_6_T-1
	- DEU_Moabit-5_1_T-1
	- DEU_Moabit-5_2_T-1
	- DEU_Moabit-6_3_T-1
	- DEU_Moabit-5_3_T-1
	- DEU_Moelln-10_2_T-1
	- DEU_Moelln-10_5_T-1
	- DEU_Moelln-11_1_T-1
	- DEU_Moelln-11_3_T-1
	- DEU_Moelln-11_4_T-1
	- DEU_Moelln-3_1_T-1
	- DEU_Moelln-3_2_T-1
	- DEU_Moelln-4_1_T-1
	- DEU_Moelln-4_2_T-1
	- DEU_Moelln-7_1_T-1
	- DEU_Muehlhausen-10_2_T-1
	- DEU_Muehlhausen-10_6_T-1
	- DEU_Muehlhausen-11_1_T-1
	- DEU_Muehlhausen-12_1_T-1
	- DEU_Muehlhausen-13_3_T-1
	- DEU_Muehlhausen-14_2_T-1
	- DEU_Muehlhausen-13_4_T-1
	- DEU_Muehlhausen-14_3_T-1
	- DEU_Muehlhausen-1_3_T-1
	- DEU_Muehlhausen-1_5_T-1
	- DEU_Muehlhausen-2_2_T-1
	- DEU_Muehlhausen-7_1_T-1
	- DEU_Reutlingen-2_1_T-1
	- DEU_Reutlingen-4_1_T-1
	- DEU_Rheinbach-2_1_T-1
	- DEU_Rheinbach-2_5_T-1
	- DEU_Rheinbach-2_6_T-1
	- DEU_Rheinbach-4_1_T-1
	- DEU_Rheinbach-4_3_T-1
	- DEU_Rheinbach-4_5_T-1
	- DEU_Rheinbach-5_2_T-1
	- DEU_Speyer-1_4_T-1
	- DEU_Speyer-1_6_T-1
	- DEU_Speyer-2_3_T-1
	- DEU_Speyer-3_2_T-1
	- DEU_Speyer-3_6_T-1
	- DEU_Speyer-3_5_T-1
	- DEU_Speyer-3_8_T-1
	- DEU_Speyer-3_9_T-1
	- ESP_Berga-10_1_T-1
	- ESP_Berga-9_1_T-1
	- ESP_Cambre-2_3_T-1
	- ESP_Cambre-2_4_T-1
	- ESP_Almansa-2_2_T-1
	- ESP_Cambre-3_3_T-1
	- ESP_Ceuta-15_2_T-1
	- ESP_Ceuta-10_1_T-1
	- ESP_Ceuta-1_2_T-1
	- ESP_Ceuta-3_2_T-1
	- ESP_Inca-3_1_T-1
	- ESP_Monzon-2_1_T-1
	- ESP_Monzon-3_1_T-1
	- ESP_Monzon-6_1_T-1
	- ESP_Monzon-7_2_T-1
	- ESP_Monzon-7_5_T-1
	- ESP_PriegodeCordoba-1_1_T-1
	- ESP_PriegodeCordoba-1_2_T-1
	- ESP_PriegodeCordoba-1_7_T-1
	- ESP_PriegodeCordoba-1_6_T-1
	- ESP_SantBoideLlobregat-11_2_T-1
	- ESP_PriegodeCordoba-3_2_T-1
	- ESP_SantBoideLlobregat-18_1_T-1
	- ESP_SantBoideLlobregat-11_7_T-1
	- ESP_SantBoideLlobregat-22_2_T-1
	- ESP_SantBoideLlobregat-23_1_T-1
	- ESP_Toledo-11_2_T-1
	- ESP_Toledo-11_4_T-1
	- ESP_Toledo-11_5_T-1
	- ESP_Toledo-7_1_T-1
	- ESP_Toledo-1_1_T-1
	- ESP_Toledo-7_2_T-1
	- FRA_Anglet-5_6_T-1
	- FRA_Anglet-5_7_T-1
	- FRA_Miramas-4_2_T-1
	- FRA_Miramas-2_1_T-1
	- FRA_Miramas-4_5_T-1
	- FRA_Miramas-7_2_T-1
	- FRA_MoissyCramayel-2_3_T-1
	- FRA_MoissyCramayel-3_1_T-1
	- FRA_MoissyCramayel-3_4_T-1
	- FRA_Sete-1_1_T-1
	- GRC_Perama-2_2_T-1
	- GRC_Perama-6_4_T-1
	- GRC_Perama-4_3_T-1
	- GRC_Perama-6_8_T-1
	- GRC_Perama-6_7_T-1
	- GRC_Perama-7_2_T-1
	- HRV_Pula-10_2_T-1
	- HRV_Pula-16_2_T-1
	- HRV_Pula-15_2_T-1
	- HRV_Pula-16_4_T-1
	- HRV_Pula-18_2_T-1
	- HRV_Pula-19_4_T-1
	- HRV_Pula-19_1_T-1
	- HRV_Pula-23_2_T-1
	- HRV_Pula-25_3_T-1
	- HRV_Pula-25_4_T-1
	- HRV_Pula-27_1_T-1
	- HRV_Pula-27_2_T-1
	- HRV_Pula-29_3_T-1
	- HRV_Pula-30_2_T-1
	- HRV_Pula-30_3_T-1
	- HRV_Pula-30_5_T-1
	- HRV_Pula-32_1_T-1
	- HRV_Pula-33_2_T-1
	- HRV_Pula-3_2_T-1
	- HRV_Pula-5_1_T-1
	- HRV_Pula-5_5_T-1
	- HRV_Pula-5_3_T-1
	- HRV_Pula-9_4_T-1
	- HRV_Pula-8_2_T-1
	- ITA_Adelfia-1_1_T-1
	- ITA_Adelfia-1_3_T-1
	- ITA_Adelfia-1_4_T-1
	- ITA_Adelfia-1_5_T-1
	- ITA_Adelfia-1_6_T-1
	- ITA_CarpiCentro-1_4_T-1
	- ITA_CarpiCentro-1_2_T-1
	- ITA_CarpiCentro-3_1_T-1
	- ITA_CarpiCentro-6_1_T-1
	- ITA_CarpiCentro-8_3_T-1
	- ITA_CarpiCentro-6_3_T-1
	- ITA_CarpiCentro-9_1_T-1
	- ITA_CarpiCentro-9_2_T-1
	- ITA_CarpiCentro-9_5_T-1
	- ITA_CarpiCentro-9_6_T-1
	- ITA_Empoli-2_2_T-1
	- ITA_Empoli-2_1_T-1
	- ITA_Empoli-2_5_T-1
	- ITA_Empoli-7_1_T-1
	- ITA_Empoli-4_2_T-1
	- ITA_Empoli-7_2_T-1
	- ITA_Empoli-7_3_T-1
	- ITA_Empoli-8_2_T-1
	- ITA_Foggia-1_1_T-1
	- ITA_Foggia-1_2_T-1
	- ITA_Foggia-4_2_T-1
	- ITA_Foggia-7_1_T-1
	- ITA_Foggia-7_2_T-1
	- ITA_SanGiorgioaCremano-2_2_T-1
	- ITA_Scicli-2_1_T-1
	- ITA_Segrate-1_3_T-1
	- ITA_Segrate-2_1_T-1
	- ITA_Segrate-2_3_T-1
	- ITA_Siderno-1_3_T-1
	- ITA_Siderno-3_1_T-1
	- ITA_Siderno-5_2_T-1
	- ITA_Siderno-5_3_T-1
	- ITA_Siderno-8_1_T-1
	- ITA_Siderno-8_3_T-1
	- ITA_Siderno-8_4_T-1
	- PRI_Barceloneta-1_3_T-1
	- PRI_Barceloneta-2_2_T-1
	- PRI_Barceloneta-2_3_T-1
	- PRI_Barceloneta-3_2_T-1
	- PRI_Barceloneta-3_1_T-1
	- RUS_Bicycle-12_1_T-1
	- PRI_Barceloneta-4_4_T-1
	- RUS_Bicycle-1_1_T-1
	- RUS_Bicycle-3_1_T-1
	- RUS_Bicycle-3_2_T-1
	- RUS_Bicycle-4_1_T-1
	- RUS_Bicycle-4_2_T-1
	- RUS_Bicycle-5_1_T-1
	- RUS_Bicycle-5_2_T-1
	- RUS_Bicycle-6_1_T-1
	- RUS_Bicycle-7_1_T-1
	- RUS_Bicycle-7_2_T-1
	- RUS_Bicycle-8_1_T-1
	- RUS_Bicycle-8_2_T-1
	- USA_US101-11_3_T-1
	- USA_US101-3_4_T-1
	- USA_US101-4_3_T-1
	- USA_US101-8_4_T-1
2022-03-23 16:46:20,910	Batch Processor	INFO	==============================  Solution found but invalid  ==============================
	- ZAM_Urban-3_1
	- ZAM_Urban-4_1_S-1
	- ZAM_Urban-5_1_S-1
2022-03-23 16:46:20,912	Batch Processor	INFO	==============================      Solution not found      ==============================
	- ARG_Carcarana-12_2_T-1
	- BEL_Aarschot-6_1_T-1
	- BEL_Putte-10_1_T-1
	- BEL_Putte-2_3_T-1
	- BEL_Zaventem-2_5_T-1
	- DEU_Backnang-7_4_T-1
	- DEU_BadEssen-1_5_T-1
	- DEU_Flensburg-64_1_T-1
	- DEU_Guetersloh-10_4_T-1
	- DEU_Guetersloh-28_2_T-1
	- DEU_Guetersloh-32_2_T-1
	- DEU_Guetersloh-55_2_T-1
	- DEU_Hennigsdorf-2_6_T-1
	- DEU_Lohmar-12_1_T-1
	- DEU_Lohmar-19_1_T-1
	- DEU_Muehlhausen-14_1_T-1
	- DEU_Speyer-3_4_T-1
	- ESP_SantBoideLlobregat-4_1_T-1
	- FRA_Anglet-2_1_T-1
	- GRC_Perama-6_1_T-1
	- HRV_Pula-2_2_T-1
	- ITA_CarpiCentro-1_1_T-1
	- ITA_Foggia-12_1_T-1
	- ITA_Segrate-1_1_T-1
	- ITA_Siderno-2_2_T-1
	- ITA_Siderno-3_4_T-1
	- ZAM_Tutorial-1_1_T-1
2022-03-23 16:46:20,916	Batch Processor	INFO	==============================           Time out           ==============================
	- DEU_Flensburg-10_1_T-1 (2)
	- DEU_Flensburg-11_1_T-1
	- DEU_Flensburg-12_1_T-1
	- DEU_Flensburg-13_1_T-1
	- DEU_Flensburg-15_1_T-1
	- DEU_Flensburg-14_1_T-1
	- DEU_Flensburg-18_1_T-1
	- DEU_Flensburg-17_1_T-1
	- DEU_Flensburg-1_1_T-1
	- DEU_Flensburg-21_1_T-1
	- DEU_Flensburg-20_1_T-1
	- DEU_Flensburg-22_1_T-1
	- DEU_Flensburg-23_1_T-1
	- DEU_Flensburg-26_1_T-1
	- DEU_Flensburg-24_1_T-1
	- DEU_Flensburg-31_1_T-1
	- DEU_Flensburg-32_1_T-1
	- DEU_Flensburg-35_1_T-1
	- DEU_Flensburg-33_1_T-1
	- DEU_Flensburg-36_1_T-1
	- DEU_Flensburg-37_1_T-1
	- DEU_Flensburg-38_1_T-1
	- DEU_Flensburg-3_1_T-1
	- DEU_Flensburg-40_1_T-1
	- DEU_Flensburg-41_1_T-1
	- DEU_Flensburg-43_1_T-1
	- DEU_Flensburg-47_1_T-1
	- DEU_Flensburg-49_1_T-1
	- DEU_Flensburg-4_1_T-1
	- DEU_Flensburg-52_1_T-1
	- DEU_Flensburg-50_1_T-1
	- DEU_Flensburg-53_1_T-1
	- DEU_Flensburg-55_1_T-1
	- DEU_Flensburg-57_1_T-1
	- DEU_Flensburg-58_1_T-1
	- DEU_Flensburg-59_1_T-1
	- DEU_Flensburg-5_1_T-1
	- DEU_Flensburg-62_1_T-1
	- DEU_Flensburg-63_1_T-1
	- DEU_Flensburg-66_1_T-1
	- DEU_Flensburg-69_1_T-1
	- DEU_Flensburg-6_1_T-1
	- DEU_Flensburg-74_1_T-1
	- DEU_Flensburg-75_1_T-1
	- DEU_Flensburg-76_1_T-1
	- DEU_Flensburg-77_1_T-1
	- DEU_Flensburg-79_1_T-1
	- DEU_Flensburg-80_1_T-1
	- DEU_Flensburg-81_1_T-1
	- DEU_Flensburg-83_1_T-1
	- DEU_Flensburg-85_1_T-1
	- DEU_Flensburg-87_1_T-1
	- DEU_Flensburg-86_1_T-1
	- DEU_Flensburg-88_1_T-1
	- DEU_Flensburg-90_1_T-1
	- DEU_Flensburg-92_1_T-1
	- DEU_Flensburg-91_1_T-1
	- DEU_Flensburg-94_1_T-1
	- DEU_Flensburg-93_1_T-1
	- DEU_Flensburg-97_1_T-1
	- DEU_Flensburg-95_1_T-1
	- DEU_Lohmar-10_1_T-1
	- DEU_Lohmar-13_1_T-1
	- DEU_Lohmar-15_1_T-1
	- DEU_Lohmar-16_1_T-1
	- DEU_Lohmar-18_1_T-1
	- DEU_Lohmar-17_1_T-1
	- DEU_Lohmar-20_1_T-1
	- DEU_Lohmar-21_1_T-1
	- DEU_Lohmar-22_1_T-1
	- DEU_Lohmar-25_1_T-1
	- DEU_Lohmar-26_1_T-1
	- DEU_Lohmar-27_1_T-1
	- DEU_Lohmar-28_1_T-1
	- DEU_Lohmar-2_1_T-1
	- DEU_Lohmar-30_1_T-1
	- DEU_Lohmar-31_1_T-1
	- DEU_Lohmar-33_1_T-1
	- DEU_Lohmar-34_1_T-1
	- DEU_Lohmar-35_1_T-1
	- DEU_Lohmar-37_1_T-1
	- DEU_Lohmar-38_1_T-1
	- DEU_Lohmar-39_1_T-1
	- DEU_Lohmar-3_1_T-1
	- DEU_Lohmar-40_1_T-1
	- DEU_Lohmar-41_1_T-1
	- DEU_Lohmar-42_1_T-1
	- DEU_Lohmar-44_1_T-1
	- DEU_Lohmar-45_1_T-1
	- DEU_Lohmar-47_1_T-1
	- DEU_Lohmar-48_1_T-1
	- DEU_Lohmar-4_1_T-1
	- DEU_Lohmar-51_1_T-1
	- DEU_Lohmar-53_1_T-1
	- DEU_Lohmar-54_1_T-1
	- DEU_Lohmar-55_1_T-1
	- DEU_Lohmar-56_1_T-1
	- DEU_Lohmar-57_1_T-1
	- DEU_Lohmar-58_1_T-1
	- DEU_Lohmar-59_1_T-1
	- DEU_Lohmar-5_1_T-1
	- DEU_Lohmar-60_1_T-1
	- DEU_Lohmar-62_1_T-1
	- DEU_Lohmar-64_1_T-1
	- DEU_Lohmar-65_1_T-1
	- DEU_Lohmar-66_1_T-1
	- DEU_Lohmar-69_1_T-1
	- DEU_Lohmar-6_1_T-1
	- DEU_Lohmar-7_1_T-1
	- DEU_Lohmar-8_1_T-1
	- DEU_Lohmar-9_1_T-1
	- DEU_Luckenwalde-1_1_T-1
	- DEU_Reutlingen-1_1_T-1
	- DEU_Reutlingen-3_1_T-1
	- DEU_Reutlingen-6_1_T-1
	- USA_US101-12_3_T-1
2022-03-23 16:46:20,917	Batch Processor	INFO	
==============================        Result Summary        ==============================
2022-03-23 16:46:20,919	Batch Processor	INFO	Total number of scenarios:  	       484
2022-03-23 16:46:20,921	Batch Processor	INFO	Solution found:               	       334
2022-03-23 16:46:20,922	Batch Processor	INFO	Solution found but invalid:   	         3
2022-03-23 16:46:20,924	Batch Processor	INFO	Solution not found:           	        27
2022-03-23 16:46:20,925	Batch Processor	INFO	Exception occurred:           	         0
2022-03-23 16:46:20,927	Batch Processor	INFO	Time out:                     	       116
