2022-04-27 10:02:43,553	Batch Processor	INFO	Config file loaded and logger created.
2022-04-27 10:02:43,560	Batch Processor	INFO	18 scenarios skipped.
2022-04-27 10:02:43,562	Batch Processor	INFO	ScenarioLoader Mode <DEFAULT>
2022-04-27 10:02:43,563	Batch Processor	INFO	Run on all scenarios, except the skipped scenarios
2022-04-27 10:02:43,564	Batch Processor	INFO	Number of scenarios: 484
2022-04-27 10:02:43,577	Batch Processor	INFO	Automaton loaded for vehicle type: BMW_320i
2022-04-27 10:02:43,579	Batch Processor	INFO	Motion planner: student
2022-04-27 10:02:43,609	Batch Processor	INFO	Number of parallel processes: 2
2022-04-27 10:31:55,751	Batch Processor	INFO	==============================        Search Results        ==============================
2022-04-27 10:31:56,004	Batch Processor	INFO	==============================        Solution found        ==============================
	- ARG_Carcarana-10_1_T-1
	- ARG_Carcarana-10_4_T-1
	- ARG_Carcarana-11_1_T-1
	- ARG_Carcarana-10_2_T-1
	- ARG_Carcarana-12_3_T-1
	- ARG_Carcarana-1_2_T-1
	- ARG_Carcarana-1_5_T-1
	- ARG_Carcarana-1_7_T-1
	- ARG_Carcarana-1_4_T-1
	- ARG_Carcarana-2_2_T-1
	- ARG_Carcarana-6_8_T-1
	- ARG_Carcarana-7_3_T-1
	- BEL_Aarschot-1_2_T-1
	- BEL_Aarschot-6_2_T-1
	- BEL_Aarschot-1_3_T-1
	- BEL_Beringen-1_1_T-1
	- BEL_Nivelles-10_1_T-1
	- BEL_Nivelles-16_2_T-1
	- BEL_Nivelles-7_4_T-1
	- BEL_Putte-11_2_T-1
	- BEL_Putte-16_1_T-1
	- BEL_Putte-16_3_T-1
	- BEL_Putte-2_2_T-1
	- BEL_Putte-3_2_T-1
	- BEL_Putte-3_3_T-1
	- BEL_Nivelles-7_1_T-1
	- BEL_Putte-5_2_T-1
	- BEL_Putte-5_3_T-1
	- BEL_Putte-5_5_T-1
	- BEL_Putte-5_6_T-1
	- BEL_Putte-6_1_T-1
	- BEL_Putte-8_1_T-1
	- BEL_Putte-7_2_T-1
	- BEL_Putte-8_2_T-1
	- BEL_Putte-8_3_T-1
	- BEL_Putte-8_5_T-1
	- BEL_Putte-8_6_T-1
	- BEL_Wervik-3_4_T-1
	- BEL_Wervik-4_3_T-1
	- BEL_Wervik-4_2_T-1
	- BEL_Zaventem-1_2_T-1
	- BEL_Zaventem-3_1_T-1
	- BEL_Zwevegem-1_5_T-1
	- BEL_Zaventem-5_3_T-1
	- BEL_Zwevegem-3_2_T-1
	- BEL_Zwevegem-2_1_T-1
	- BEL_Zwevegem-3_3_T-1
	- BEL_Zwevegem-4_1_T-1
	- BEL_Zwevegem-4_5_T-1
	- BEL_Zwevegem-6_3_T-1
	- BEL_Zwevegem-7_1_T-1
	- BEL_Zwevegem-7_2_T-1
	- BEL_Zwevegem-8_3_T-1
	- BEL_Zwevegem-8_5_T-1
	- DEU_Backnang-2_3_T-1
	- DEU_Backnang-3_1_T-1
	- DEU_Backnang-3_3_T-1
	- DEU_BadEssen-2_2_T-1
	- DEU_BadEssen-1_4_T-1
	- DEU_Bilderstoeckchen-2_1_T-1
	- DEU_Bilderstoeckchen-2_3_T-1
	- DEU_Guetersloh-11_2_T-1
	- DEU_Guetersloh-11_3_T-1
	- DEU_Guetersloh-11_4_T-1
	- DEU_Guetersloh-12_1_T-1
	- DEU_Guetersloh-14_3_T-1
	- DEU_Guetersloh-15_2_T-1
	- DEU_Guetersloh-16_2_T-1
	- DEU_Guetersloh-18_2_T-1
	- DEU_Guetersloh-20_3_T-1
	- DEU_Guetersloh-1_2_T-1
	- DEU_Guetersloh-21_2_T-1
	- DEU_Guetersloh-25_2_T-1
	- DEU_Guetersloh-28_6_T-1
	- DEU_Guetersloh-29_1_T-1
	- DEU_Guetersloh-29_6_T-1
	- DEU_Guetersloh-2_1_T-1
	- DEU_Guetersloh-27_1_T-1
	- DEU_Guetersloh-31_4_T-1
	- DEU_Guetersloh-34_1_T-1
	- DEU_Guetersloh-39_1_T-1
	- DEU_Guetersloh-39_5_T-1
	- DEU_Guetersloh-30_1_T-1
	- DEU_Guetersloh-40_1_T-1
	- DEU_Guetersloh-40_4_T-1
	- DEU_Guetersloh-4_2_T-1
	- DEU_Guetersloh-4_3_T-1
	- DEU_Guetersloh-65_1_T-1
	- DEU_Guetersloh-6_1_T-1
	- DEU_Guetersloh-7_1_T-1
	- DEU_Hennigsdorf-10_3_T-1
	- DEU_Hennigsdorf-11_2_T-1
	- DEU_Hennigsdorf-12_2_T-1
	- DEU_Hennigsdorf-14_1_T-1
	- DEU_Guetersloh-7_2_T-1
	- DEU_Hennigsdorf-14_2_T-1
	- DEU_Hennigsdorf-14_3_T-1
	- DEU_Hennigsdorf-15_3_T-1
	- DEU_Hennigsdorf-16_2_T-1
	- DEU_Hennigsdorf-16_4_T-1
	- DEU_Hennigsdorf-1_2_T-1
	- DEU_Hennigsdorf-3_3_T-1
	- DEU_Hennigsdorf-16_6_T-1
	- DEU_Ibbenbueren-10_2_T-1
	- DEU_Ibbenbueren-10_4_T-1
	- DEU_Ibbenbueren-11_1_T-1
	- DEU_Ibbenbueren-13_2_T-1
	- DEU_Ibbenbueren-12_3_T-1
	- DEU_Ibbenbueren-15_2_T-1
	- DEU_Ibbenbueren-16_3_T-1
	- DEU_Ibbenbueren-16_4_T-1
	- DEU_Ibbenbueren-5_1_T-1
	- DEU_Ibbenbueren-5_3_T-1
	- DEU_Ibbenbueren-5_5_T-1
	- DEU_Ibbenbueren-16_5_T-1
	- DEU_Ibbenbueren-6_3_T-1
	- DEU_Ibbenbueren-8_1_T-1
	- DEU_Ibbenbueren-8_2_T-1
	- DEU_Ibbenbueren-8_4_T-1
	- DEU_Ibbenbueren-9_1_T-1
	- DEU_Meckenheim-1_4_T-1
	- DEU_Meckenheim-1_2_T-1
	- DEU_Meckenheim-2_5_T-1
	- DEU_Meckenheim-4_2_T-1
	- DEU_Meckenheim-5_1_T-1
	- DEU_Meckenheim-4_5_T-1
	- DEU_Meckenheim-8_1_T-1
	- DEU_Moabit-1_3_T-1
	- DEU_Moabit-1_1_T-1
	- DEU_Moabit-2_3_T-1
	- DEU_Moabit-2_7_T-1
	- DEU_Moabit-2_6_T-1
	- DEU_Moabit-5_1_T-1
	- DEU_Moabit-5_3_T-1
	- DEU_Moabit-5_2_T-1
	- DEU_Moelln-10_2_T-1
	- DEU_Moabit-6_3_T-1
	- DEU_Moelln-10_5_T-1
	- DEU_Moelln-11_3_T-1
	- DEU_Moelln-11_4_T-1
	- DEU_Moelln-11_1_T-1
	- DEU_Moelln-3_1_T-1
	- DEU_Moelln-3_2_T-1
	- DEU_Moelln-4_2_T-1
	- DEU_Moelln-7_1_T-1
	- DEU_Moelln-4_1_T-1
	- DEU_Muehlhausen-10_6_T-1
	- DEU_Muehlhausen-11_1_T-1
	- DEU_Muehlhausen-12_1_T-1
	- DEU_Muehlhausen-10_2_T-1
	- DEU_Muehlhausen-13_3_T-1
	- DEU_Muehlhausen-14_2_T-1
	- DEU_Muehlhausen-14_3_T-1
	- DEU_Muehlhausen-13_4_T-1
	- DEU_Muehlhausen-1_3_T-1
	- DEU_Muehlhausen-1_5_T-1
	- DEU_Muehlhausen-2_2_T-1
	- DEU_Muehlhausen-7_1_T-1
	- DEU_Rheinbach-2_1_T-1
	- DEU_Rheinbach-2_5_T-1
	- DEU_Rheinbach-2_6_T-1
	- DEU_Rheinbach-4_1_T-1
	- DEU_Rheinbach-4_3_T-1
	- DEU_Rheinbach-5_2_T-1
	- DEU_Rheinbach-4_5_T-1
	- DEU_Speyer-1_4_T-1
	- DEU_Speyer-1_6_T-1
	- DEU_Speyer-2_3_T-1
	- DEU_Speyer-3_2_T-1
	- DEU_Speyer-3_5_T-1
	- DEU_Speyer-3_6_T-1
	- DEU_Speyer-3_9_T-1
	- DEU_Speyer-3_8_T-1
	- ESP_Berga-10_1_T-1
	- ESP_Berga-9_1_T-1
	- ESP_Cambre-2_3_T-1
	- ESP_Almansa-2_2_T-1
	- ESP_Cambre-2_4_T-1
	- ESP_Cambre-3_3_T-1
	- ESP_Ceuta-10_1_T-1
	- ESP_Ceuta-1_2_T-1
	- ESP_Inca-3_1_T-1
	- ESP_Ceuta-3_2_T-1
	- ESP_Monzon-2_1_T-1
	- ESP_Monzon-6_1_T-1
	- ESP_Monzon-3_1_T-1
	- ESP_Monzon-7_5_T-1
	- ESP_Monzon-7_2_T-1
	- ESP_PriegodeCordoba-1_1_T-1
	- ESP_PriegodeCordoba-1_2_T-1
	- ESP_PriegodeCordoba-1_6_T-1
	- ESP_PriegodeCordoba-1_7_T-1
	- ESP_SantBoideLlobregat-11_2_T-1
	- ESP_SantBoideLlobregat-11_7_T-1
	- ESP_SantBoideLlobregat-18_1_T-1
	- ESP_SantBoideLlobregat-22_2_T-1
	- ESP_PriegodeCordoba-3_2_T-1
	- ESP_SantBoideLlobregat-23_1_T-1
	- ESP_Toledo-11_2_T-1
	- ESP_Toledo-11_4_T-1
	- ESP_Toledo-11_5_T-1
	- ESP_Toledo-7_1_T-1
	- ESP_Toledo-1_1_T-1
	- FRA_Anglet-5_6_T-1
	- ESP_Toledo-7_2_T-1
	- FRA_Anglet-5_7_T-1
	- FRA_Miramas-4_2_T-1
	- FRA_Miramas-2_1_T-1
	- FRA_Miramas-7_2_T-1
	- FRA_Miramas-4_5_T-1
	- FRA_MoissyCramayel-3_1_T-1
	- FRA_MoissyCramayel-2_3_T-1
	- FRA_MoissyCramayel-3_4_T-1
	- GRC_Perama-2_2_T-1
	- FRA_Sete-1_1_T-1
	- GRC_Perama-6_4_T-1
	- GRC_Perama-6_7_T-1
	- GRC_Perama-4_3_T-1
	- GRC_Perama-6_8_T-1
	- HRV_Pula-10_2_T-1
	- GRC_Perama-7_2_T-1
	- HRV_Pula-16_2_T-1
	- HRV_Pula-15_2_T-1
	- HRV_Pula-16_4_T-1
	- HRV_Pula-18_2_T-1
	- HRV_Pula-19_1_T-1
	- HRV_Pula-19_4_T-1
	- HRV_Pula-23_2_T-1
	- HRV_Pula-25_4_T-1
	- HRV_Pula-25_3_T-1
	- HRV_Pula-27_1_T-1
	- HRV_Pula-27_2_T-1
	- HRV_Pula-30_2_T-1
	- HRV_Pula-29_3_T-1
	- HRV_Pula-30_3_T-1
	- HRV_Pula-30_5_T-1
	- HRV_Pula-33_2_T-1
	- HRV_Pula-3_2_T-1
	- HRV_Pula-5_1_T-1
	- HRV_Pula-5_3_T-1
	- HRV_Pula-8_2_T-1
	- HRV_Pula-5_5_T-1
	- HRV_Pula-9_4_T-1
	- ITA_Adelfia-1_1_T-1
	- ITA_Adelfia-1_3_T-1
	- ITA_Adelfia-1_5_T-1
	- ITA_Adelfia-1_4_T-1
	- ITA_Adelfia-1_6_T-1
	- ITA_CarpiCentro-1_2_T-1
	- ITA_CarpiCentro-1_4_T-1
	- ITA_CarpiCentro-3_1_T-1
	- ITA_CarpiCentro-6_1_T-1
	- ITA_CarpiCentro-8_3_T-1
	- ITA_CarpiCentro-6_3_T-1
	- ITA_CarpiCentro-9_2_T-1
	- ITA_CarpiCentro-9_1_T-1
	- ITA_CarpiCentro-9_5_T-1
	- ITA_Empoli-2_1_T-1
	- ITA_CarpiCentro-9_6_T-1
	- ITA_Empoli-2_2_T-1
	- ITA_Empoli-2_5_T-1
	- ITA_Empoli-7_1_T-1
	- ITA_Empoli-4_2_T-1
	- ITA_Empoli-7_2_T-1
	- ITA_Empoli-7_3_T-1
	- ITA_Empoli-8_2_T-1
	- ITA_Foggia-1_1_T-1
	- ITA_Foggia-1_2_T-1
	- ITA_Foggia-4_2_T-1
	- ITA_Foggia-7_1_T-1
	- ITA_Foggia-7_2_T-1
	- ITA_SanGiorgioaCremano-2_2_T-1
	- ITA_Segrate-1_3_T-1
	- ITA_Scicli-2_1_T-1
	- ITA_Segrate-2_1_T-1
	- ITA_Siderno-1_3_T-1
	- ITA_Segrate-2_3_T-1
	- ITA_Siderno-5_2_T-1
	- ITA_Siderno-3_1_T-1
	- ITA_Siderno-5_3_T-1
	- ITA_Siderno-8_1_T-1
	- ITA_Siderno-8_3_T-1
	- PRI_Barceloneta-1_3_T-1
	- ITA_Siderno-8_4_T-1
	- PRI_Barceloneta-2_3_T-1
	- PRI_Barceloneta-2_2_T-1
	- PRI_Barceloneta-3_2_T-1
	- PRI_Barceloneta-3_1_T-1
	- PRI_Barceloneta-4_4_T-1
	- RUS_Bicycle-12_1_T-1
	- RUS_Bicycle-1_1_T-1
	- RUS_Bicycle-3_2_T-1
2022-04-27 10:31:56,006	Batch Processor	INFO	==============================  Solution found but invalid  ==============================
	- ZAM_Urban-3_1
2022-04-27 10:31:56,009	Batch Processor	INFO	==============================      Solution not found      ==============================
	- ARG_Carcarana-12_2_T-1
	- BEL_Aarschot-6_1_T-1
	- BEL_Putte-10_1_T-1
	- BEL_Putte-2_3_T-1
	- BEL_Zaventem-2_5_T-1
	- DEU_Backnang-7_4_T-1
	- DEU_BadEssen-1_5_T-1
	- DEU_Flensburg-64_1_T-1
	- DEU_Guetersloh-10_4_T-1
	- DEU_Guetersloh-28_2_T-1
	- DEU_Guetersloh-32_2_T-1
	- DEU_Guetersloh-55_2_T-1
	- DEU_Hennigsdorf-2_6_T-1
	- DEU_Lohmar-12_1_T-1
	- DEU_Lohmar-19_1_T-1
	- DEU_Muehlhausen-14_1_T-1
	- DEU_Speyer-3_4_T-1
	- ESP_SantBoideLlobregat-4_1_T-1
	- FRA_Anglet-2_1_T-1
	- GRC_Perama-6_1_T-1
	- HRV_Pula-2_2_T-1
	- ITA_CarpiCentro-1_1_T-1
	- ITA_Foggia-12_1_T-1
	- ITA_Segrate-1_1_T-1
	- ITA_Siderno-2_2_T-1
	- ITA_Siderno-3_4_T-1
	- ZAM_Tutorial-1_1_T-1
2022-04-27 10:31:56,011	Batch Processor	INFO	==============================      Exception occurred      ==============================
	- DEU_Flensburg-11_1_T-1
	- DEU_Flensburg-12_1_T-1
	- DEU_Flensburg-13_1_T-1
	- DEU_Flensburg-14_1_T-1
	- DEU_Flensburg-17_1_T-1
	- DEU_Flensburg-18_1_T-1
	- DEU_Flensburg-19_1_T-1
	- DEU_Flensburg-1_1_T-1
	- DEU_Flensburg-20_1_T-1
	- DEU_Flensburg-21_1_T-1
	- DEU_Flensburg-15_1_T-1
	- DEU_Flensburg-22_1_T-1
	- DEU_Flensburg-24_1_T-1
	- DEU_Flensburg-26_1_T-1
	- DEU_Flensburg-28_1_T-1
	- DEU_Flensburg-2_1_T-1
	- DEU_Flensburg-31_1_T-1
	- DEU_Flensburg-33_1_T-1
	- DEU_Flensburg-35_1_T-1
	- DEU_Flensburg-32_1_T-1
	- DEU_Flensburg-37_1_T-1
	- DEU_Flensburg-38_1_T-1
	- DEU_Flensburg-3_1_T-1
	- DEU_Flensburg-41_1_T-1
	- DEU_Flensburg-40_1_T-1
	- DEU_Flensburg-44_1_T-1
	- DEU_Flensburg-49_1_T-1
	- DEU_Flensburg-50_1_T-1
	- DEU_Flensburg-52_1_T-1
	- DEU_Flensburg-53_1_T-1
	- DEU_Flensburg-54_1_T-1
	- DEU_Flensburg-55_1_T-1
	- DEU_Flensburg-57_1_T-1
	- DEU_Flensburg-58_1_T-1
	- DEU_Flensburg-59_1_T-1
	- DEU_Flensburg-62_1_T-1
	- DEU_Flensburg-63_1_T-1
	- DEU_Flensburg-66_1_T-1
	- DEU_Flensburg-68_1_T-1
	- DEU_Flensburg-69_1_T-1
	- DEU_Flensburg-71_1_T-1
	- DEU_Flensburg-6_1_T-1
	- DEU_Flensburg-74_1_T-1
	- DEU_Flensburg-75_1_T-1
	- DEU_Flensburg-76_1_T-1
	- DEU_Flensburg-77_1_T-1
	- DEU_Flensburg-7_1_T-1
	- DEU_Flensburg-80_1_T-1
	- DEU_Flensburg-81_1_T-1
	- DEU_Flensburg-85_1_T-1
	- DEU_Flensburg-86_1_T-1
	- DEU_Flensburg-87_1_T-1
	- DEU_Flensburg-83_1_T-1
	- DEU_Flensburg-89_1_T-1
	- DEU_Flensburg-88_1_T-1
	- DEU_Flensburg-90_1_T-1
	- DEU_Flensburg-91_1_T-1
	- DEU_Flensburg-8_1_T-1
	- DEU_Flensburg-92_1_T-1
	- DEU_Flensburg-93_1_T-1
	- DEU_Flensburg-94_1_T-1
	- DEU_Flensburg-95_1_T-1
	- DEU_Flensburg-99_1_T-1
	- DEU_Lohmar-10_1_T-1
	- DEU_Lohmar-15_1_T-1
	- DEU_Lohmar-16_1_T-1
	- DEU_Lohmar-18_1_T-1
	- DEU_Lohmar-20_1_T-1
	- DEU_Lohmar-22_1_T-1
	- DEU_Lohmar-24_1_T-1
	- DEU_Lohmar-25_1_T-1
	- DEU_Lohmar-27_1_T-1
	- DEU_Lohmar-26_1_T-1
	- DEU_Lohmar-28_1_T-1
	- DEU_Lohmar-2_1_T-1
	- DEU_Lohmar-31_1_T-1
	- DEU_Lohmar-35_1_T-1
	- DEU_Lohmar-34_1_T-1
	- DEU_Lohmar-37_1_T-1
	- DEU_Lohmar-38_1_T-1
	- DEU_Lohmar-39_1_T-1
	- DEU_Lohmar-40_1_T-1
	- DEU_Lohmar-41_1_T-1
	- DEU_Lohmar-42_1_T-1
	- DEU_Lohmar-45_1_T-1
	- DEU_Lohmar-47_1_T-1
	- DEU_Lohmar-48_1_T-1
	- DEU_Lohmar-4_1_T-1
	- DEU_Lohmar-50_1_T-1
	- DEU_Lohmar-54_1_T-1
	- DEU_Lohmar-55_1_T-1
	- DEU_Lohmar-56_1_T-1
	- DEU_Lohmar-58_1_T-1
	- DEU_Lohmar-57_1_T-1
	- DEU_Lohmar-59_1_T-1
	- DEU_Lohmar-60_1_T-1
	- DEU_Lohmar-63_1_T-1
	- DEU_Lohmar-64_1_T-1
	- DEU_Lohmar-65_1_T-1
	- DEU_Lohmar-66_1_T-1
	- DEU_Lohmar-67_1_T-1
	- DEU_Lohmar-69_1_T-1
	- DEU_Lohmar-7_1_T-1
	- DEU_Lohmar-8_1_T-1
	- DEU_Lohmar-9_1_T-1
	- DEU_Luckenwalde-1_1_T-1
	- DEU_Reutlingen-1_1_T-1
	- DEU_Reutlingen-2_1_T-1
	- DEU_Reutlingen-3_1_T-1
	- DEU_Reutlingen-4_1_T-1
	- DEU_Reutlingen-6_1_T-1
	- RUS_Bicycle-3_1_T-1
	- RUS_Bicycle-4_1_T-1
	- RUS_Bicycle-4_2_T-1
	- RUS_Bicycle-5_1_T-1
	- RUS_Bicycle-5_2_T-1
	- RUS_Bicycle-7_1_T-1
	- RUS_Bicycle-6_1_T-1
	- RUS_Bicycle-7_2_T-1
	- RUS_Bicycle-8_1_T-1
	- USA_US101-11_3_T-1
	- RUS_Bicycle-8_2_T-1
	- USA_US101-12_3_T-1
	- USA_US101-3_4_T-1
	- USA_US101-4_3_T-1
	- USA_US101-8_4_T-1
	- ZAM_Urban-4_1_S-1
	- ZAM_Urban-5_1_S-1
2022-04-27 10:31:56,012	Batch Processor	INFO	==============================           Time out           ==============================
	- ARG_Carcarana-1_8_T-1
	- DEU_BadWaldsee-1_1_T-1
	- DEU_Flensburg-23_1_T-1
	- DEU_Flensburg-36_1_T-1
	- DEU_Flensburg-39_1_T-1
	- DEU_Flensburg-43_1_T-1
	- DEU_Flensburg-45_1_T-1
	- DEU_Flensburg-47_1_T-1
	- DEU_Flensburg-4_1_T-1
	- DEU_Flensburg-5_1_T-1
	- DEU_Flensburg-72_1_T-1
	- DEU_Flensburg-73_1_T-1
	- DEU_Flensburg-79_1_T-1
	- DEU_Flensburg-97_1_T-1
	- DEU_Ibbenbueren-6_2_T-1
	- DEU_Lohmar-13_1_T-1
	- DEU_Lohmar-17_1_T-1
	- DEU_Lohmar-1_1_T-1
	- DEU_Lohmar-21_1_T-1
	- DEU_Lohmar-30_1_T-1
	- DEU_Lohmar-33_1_T-1
	- DEU_Lohmar-3_1_T-1
	- DEU_Lohmar-44_1_T-1
	- DEU_Lohmar-46_1_T-1
	- DEU_Lohmar-51_1_T-1
	- DEU_Lohmar-52_1_T-1
	- DEU_Lohmar-53_1_T-1
	- DEU_Lohmar-5_1_T-1
	- DEU_Lohmar-62_1_T-1
	- DEU_Lohmar-68_1_T-1
	- DEU_Lohmar-6_1_T-1
	- DEU_Meckenheim-2_2_T-1
	- ESP_Ceuta-15_2_T-1
	- HRV_Pula-32_1_T-1
2022-04-27 10:31:56,014	Batch Processor	INFO	
==============================        Result Summary        ==============================
2022-04-27 10:31:56,015	Batch Processor	INFO	Total number of scenarios:  	       484
2022-04-27 10:31:56,017	Batch Processor	INFO	Solution found:               	       292
2022-04-27 10:31:56,019	Batch Processor	INFO	Solution found but invalid:   	         1
2022-04-27 10:31:56,020	Batch Processor	INFO	Solution not found:           	        27
2022-04-27 10:31:56,022	Batch Processor	INFO	Exception occurred:           	       128
2022-04-27 10:31:56,023	Batch Processor	INFO	Time out:                     	        34
